{"/Users/kynatro/workspace/notepack-obsidian/src/dueDateParser.ts": {"path":"/Users/kynatro/workspace/notepack-obsidian/src/dueDateParser.ts","statementMap":{"0":{"start":{"line":1,"column":44},"end":{"line":14,"column":2}},"1":{"start":{"line":16,"column":46},"end":{"line":24,"column":2}},"2":{"start":{"line":28,"column":2},"end":{"line":36,"column":50}},"3":{"start":{"line":40,"column":2},"end":{"line":53,"column":5}},"4":{"start":{"line":55,"column":21},"end":{"line":59,"column":2}},"5":{"start":{"line":62,"column":2},"end":{"line":62,"column":62}},"6":{"start":{"line":66,"column":12},"end":{"line":66,"column":36}},"7":{"start":{"line":68,"column":2},"end":{"line":68,"column":44}},"8":{"start":{"line":68,"column":21},"end":{"line":68,"column":44}},"9":{"start":{"line":69,"column":2},"end":{"line":73,"column":3}},"10":{"start":{"line":70,"column":14},"end":{"line":70,"column":29}},"11":{"start":{"line":71,"column":4},"end":{"line":71,"column":31}},"12":{"start":{"line":72,"column":4},"end":{"line":72,"column":13}},"13":{"start":{"line":76,"column":2},"end":{"line":78,"column":3}},"14":{"start":{"line":77,"column":4},"end":{"line":77,"column":90}},"15":{"start":{"line":83,"column":2},"end":{"line":88,"column":3}},"16":{"start":{"line":84,"column":21},"end":{"line":84,"column":83}},"17":{"start":{"line":85,"column":4},"end":{"line":87,"column":5}},"18":{"start":{"line":86,"column":6},"end":{"line":86,"column":107}},"19":{"start":{"line":91,"column":2},"end":{"line":95,"column":3}},"20":{"start":{"line":92,"column":14},"end":{"line":92,"column":29}},"21":{"start":{"line":93,"column":25},"end":{"line":93,"column":60}},"22":{"start":{"line":94,"column":4},"end":{"line":94,"column":91}},"23":{"start":{"line":98,"column":2},"end":{"line":101,"column":3}},"24":{"start":{"line":99,"column":17},"end":{"line":99,"column":67}},"25":{"start":{"line":100,"column":4},"end":{"line":100,"column":85}},"26":{"start":{"line":104,"column":2},"end":{"line":108,"column":3}},"27":{"start":{"line":105,"column":28},"end":{"line":105,"column":66}},"28":{"start":{"line":106,"column":17},"end":{"line":106,"column":68}},"29":{"start":{"line":107,"column":4},"end":{"line":107,"column":85}},"30":{"start":{"line":111,"column":2},"end":{"line":113,"column":3}},"31":{"start":{"line":112,"column":4},"end":{"line":112,"column":59}},"32":{"start":{"line":116,"column":23},"end":{"line":117,"column":null}},"33":{"start":{"line":119,"column":2},"end":{"line":127,"column":3}},"34":{"start":{"line":120,"column":19},"end":{"line":120,"column":49}},"35":{"start":{"line":121,"column":18},"end":{"line":121,"column":33}},"36":{"start":{"line":122,"column":15},"end":{"line":122,"column":38}},"37":{"start":{"line":123,"column":4},"end":{"line":123,"column":29}},"38":{"start":{"line":123,"column":19},"end":{"line":123,"column":29}},"39":{"start":{"line":124,"column":14},"end":{"line":124,"column":29}},"40":{"start":{"line":125,"column":4},"end":{"line":125,"column":34}},"41":{"start":{"line":126,"column":4},"end":{"line":126,"column":13}},"42":{"start":{"line":130,"column":19},"end":{"line":130,"column":57}},"43":{"start":{"line":131,"column":2},"end":{"line":133,"column":3}},"44":{"start":{"line":132,"column":4},"end":{"line":132,"column":93}},"45":{"start":{"line":136,"column":21},"end":{"line":136,"column":70}},"46":{"start":{"line":137,"column":2},"end":{"line":140,"column":3}},"47":{"start":{"line":138,"column":17},"end":{"line":138,"column":76}},"48":{"start":{"line":139,"column":4},"end":{"line":139,"column":80}},"49":{"start":{"line":143,"column":21},"end":{"line":144,"column":null}},"50":{"start":{"line":146,"column":2},"end":{"line":151,"column":3}},"51":{"start":{"line":147,"column":18},"end":{"line":147,"column":44}},"52":{"start":{"line":148,"column":16},"end":{"line":148,"column":39}},"53":{"start":{"line":149,"column":17},"end":{"line":149,"column":76}},"54":{"start":{"line":150,"column":4},"end":{"line":150,"column":38}},"55":{"start":{"line":153,"column":2},"end":{"line":153,"column":14}},"56":{"start":{"line":161,"column":16},"end":{"line":161,"column":46}},"57":{"start":{"line":162,"column":2},"end":{"line":162,"column":74}},"58":{"start":{"line":160,"column":0},"end":{"line":160,"column":16}},"59":{"start":{"line":173,"column":2},"end":{"line":179,"column":3}},"60":{"start":{"line":174,"column":18},"end":{"line":174,"column":37}},"61":{"start":{"line":175,"column":4},"end":{"line":178,"column":5}},"62":{"start":{"line":176,"column":21},"end":{"line":176,"column":91}},"63":{"start":{"line":177,"column":6},"end":{"line":177,"column":32}},"64":{"start":{"line":177,"column":18},"end":{"line":177,"column":32}},"65":{"start":{"line":180,"column":2},"end":{"line":180,"column":14}},"66":{"start":{"line":172,"column":0},"end":{"line":172,"column":16}},"67":{"start":{"line":187,"column":14},"end":{"line":187,"column":24}},"68":{"start":{"line":188,"column":16},"end":{"line":188,"column":31}},"69":{"start":{"line":189,"column":12},"end":{"line":189,"column":28}},"70":{"start":{"line":190,"column":15},"end":{"line":190,"column":82}},"71":{"start":{"line":191,"column":2},"end":{"line":191,"column":33}},"72":{"start":{"line":191,"column":16},"end":{"line":191,"column":33}},"73":{"start":{"line":192,"column":2},"end":{"line":199,"column":3}},"74":{"start":{"line":195,"column":4},"end":{"line":197,"column":5}},"75":{"start":{"line":196,"column":6},"end":{"line":196,"column":47}},"76":{"start":{"line":198,"column":4},"end":{"line":198,"column":19}},"77":{"start":{"line":200,"column":2},"end":{"line":200,"column":31}},"78":{"start":{"line":200,"column":17},"end":{"line":200,"column":31}},"79":{"start":{"line":201,"column":2},"end":{"line":201,"column":18}},"80":{"start":{"line":186,"column":0},"end":{"line":186,"column":16}},"81":{"start":{"line":208,"column":16},"end":{"line":208,"column":38}},"82":{"start":{"line":209,"column":12},"end":{"line":209,"column":28}},"83":{"start":{"line":210,"column":15},"end":{"line":210,"column":82}},"84":{"start":{"line":212,"column":2},"end":{"line":212,"column":33}},"85":{"start":{"line":212,"column":18},"end":{"line":212,"column":33}},"86":{"start":{"line":213,"column":2},"end":{"line":213,"column":36}},"87":{"start":{"line":213,"column":18},"end":{"line":213,"column":36}},"88":{"start":{"line":214,"column":2},"end":{"line":214,"column":38}},"89":{"start":{"line":214,"column":19},"end":{"line":214,"column":38}},"90":{"start":{"line":215,"column":2},"end":{"line":215,"column":87}},"91":{"start":{"line":215,"column":29},"end":{"line":215,"column":87}},"92":{"start":{"line":216,"column":2},"end":{"line":218,"column":3}},"93":{"start":{"line":217,"column":4},"end":{"line":217,"column":77}},"94":{"start":{"line":219,"column":2},"end":{"line":219,"column":92}},"95":{"start":{"line":207,"column":0},"end":{"line":207,"column":16}}},"fnMap":{"0":{"name":"startOfDay","decl":{"start":{"line":61,"column":9},"end":{"line":61,"column":19}},"loc":{"start":{"line":61,"column":27},"end":{"line":63,"column":1}}},"1":{"name":"parseAbsoluteDate","decl":{"start":{"line":65,"column":9},"end":{"line":65,"column":26}},"loc":{"start":{"line":65,"column":93},"end":{"line":154,"column":1}}},"2":{"name":"parseDateString","decl":{"start":{"line":160,"column":16},"end":{"line":160,"column":31}},"loc":{"start":{"line":160,"column":47},"end":{"line":163,"column":1}}},"3":{"name":"parseDueDate","decl":{"start":{"line":172,"column":16},"end":{"line":172,"column":28}},"loc":{"start":{"line":172,"column":112},"end":{"line":181,"column":1}}},"4":{"name":"getDueDateStatus","decl":{"start":{"line":186,"column":16},"end":{"line":186,"column":32}},"loc":{"start":{"line":186,"column":43},"end":{"line":202,"column":1}}},"5":{"name":"formatDueDate","decl":{"start":{"line":207,"column":16},"end":{"line":207,"column":29}},"loc":{"start":{"line":207,"column":40},"end":{"line":220,"column":1}}}},"branchMap":{"0":{"loc":{"start":{"line":68,"column":2},"end":{"line":68,"column":44}},"type":"if","locations":[{"start":{"line":68,"column":2},"end":{"line":68,"column":44}},{"start":{},"end":{}}]},"1":{"loc":{"start":{"line":69,"column":2},"end":{"line":73,"column":3}},"type":"if","locations":[{"start":{"line":69,"column":2},"end":{"line":73,"column":3}},{"start":{},"end":{}}]},"2":{"loc":{"start":{"line":76,"column":2},"end":{"line":78,"column":3}},"type":"if","locations":[{"start":{"line":76,"column":2},"end":{"line":78,"column":3}},{"start":{},"end":{}}]},"3":{"loc":{"start":{"line":76,"column":6},"end":{"line":76,"column":61}},"type":"binary-expr","locations":[{"start":{"line":76,"column":6},"end":{"line":76,"column":17}},{"start":{"line":76,"column":21},"end":{"line":76,"column":39}},{"start":{"line":76,"column":43},"end":{"line":76,"column":61}}]},"4":{"loc":{"start":{"line":83,"column":2},"end":{"line":88,"column":3}},"type":"if","locations":[{"start":{"line":83,"column":2},"end":{"line":88,"column":3}},{"start":{},"end":{}}]},"5":{"loc":{"start":{"line":85,"column":4},"end":{"line":87,"column":5}},"type":"if","locations":[{"start":{"line":85,"column":4},"end":{"line":87,"column":5}},{"start":{},"end":{}}]},"6":{"loc":{"start":{"line":91,"column":2},"end":{"line":95,"column":3}},"type":"if","locations":[{"start":{"line":91,"column":2},"end":{"line":95,"column":3}},{"start":{},"end":{}}]},"7":{"loc":{"start":{"line":91,"column":6},"end":{"line":91,"column":63}},"type":"binary-expr","locations":[{"start":{"line":91,"column":6},"end":{"line":91,"column":17}},{"start":{"line":91,"column":21},"end":{"line":91,"column":40}},{"start":{"line":91,"column":44},"end":{"line":91,"column":63}}]},"8":{"loc":{"start":{"line":98,"column":2},"end":{"line":101,"column":3}},"type":"if","locations":[{"start":{"line":98,"column":2},"end":{"line":101,"column":3}},{"start":{},"end":{}}]},"9":{"loc":{"start":{"line":98,"column":6},"end":{"line":98,"column":65}},"type":"binary-expr","locations":[{"start":{"line":98,"column":6},"end":{"line":98,"column":17}},{"start":{"line":98,"column":21},"end":{"line":98,"column":41}},{"start":{"line":98,"column":45},"end":{"line":98,"column":65}}]},"10":{"loc":{"start":{"line":104,"column":2},"end":{"line":108,"column":3}},"type":"if","locations":[{"start":{"line":104,"column":2},"end":{"line":108,"column":3}},{"start":{},"end":{}}]},"11":{"loc":{"start":{"line":104,"column":6},"end":{"line":104,"column":69}},"type":"binary-expr","locations":[{"start":{"line":104,"column":6},"end":{"line":104,"column":17}},{"start":{"line":104,"column":21},"end":{"line":104,"column":43}},{"start":{"line":104,"column":47},"end":{"line":104,"column":69}}]},"12":{"loc":{"start":{"line":111,"column":2},"end":{"line":113,"column":3}},"type":"if","locations":[{"start":{"line":111,"column":2},"end":{"line":113,"column":3}},{"start":{},"end":{}}]},"13":{"loc":{"start":{"line":111,"column":6},"end":{"line":111,"column":63}},"type":"binary-expr","locations":[{"start":{"line":111,"column":6},"end":{"line":111,"column":17}},{"start":{"line":111,"column":21},"end":{"line":111,"column":40}},{"start":{"line":111,"column":44},"end":{"line":111,"column":63}}]},"14":{"loc":{"start":{"line":119,"column":2},"end":{"line":127,"column":3}},"type":"if","locations":[{"start":{"line":119,"column":2},"end":{"line":127,"column":3}},{"start":{},"end":{}}]},"15":{"loc":{"start":{"line":123,"column":4},"end":{"line":123,"column":29}},"type":"if","locations":[{"start":{"line":123,"column":4},"end":{"line":123,"column":29}},{"start":{},"end":{}}]},"16":{"loc":{"start":{"line":131,"column":2},"end":{"line":133,"column":3}},"type":"if","locations":[{"start":{"line":131,"column":2},"end":{"line":133,"column":3}},{"start":{},"end":{}}]},"17":{"loc":{"start":{"line":137,"column":2},"end":{"line":140,"column":3}},"type":"if","locations":[{"start":{"line":137,"column":2},"end":{"line":140,"column":3}},{"start":{},"end":{}}]},"18":{"loc":{"start":{"line":138,"column":17},"end":{"line":138,"column":76}},"type":"cond-expr","locations":[{"start":{"line":138,"column":33},"end":{"line":138,"column":56}},{"start":{"line":138,"column":59},"end":{"line":138,"column":76}}]},"19":{"loc":{"start":{"line":146,"column":2},"end":{"line":151,"column":3}},"type":"if","locations":[{"start":{"line":146,"column":2},"end":{"line":151,"column":3}},{"start":{},"end":{}}]},"20":{"loc":{"start":{"line":149,"column":17},"end":{"line":149,"column":76}},"type":"cond-expr","locations":[{"start":{"line":149,"column":33},"end":{"line":149,"column":56}},{"start":{"line":149,"column":59},"end":{"line":149,"column":76}}]},"21":{"loc":{"start":{"line":162,"column":29},"end":{"line":162,"column":42}},"type":"cond-expr","locations":[{"start":{"line":162,"column":37},"end":{"line":162,"column":41}},{"start":{"line":162,"column":41},"end":{"line":162,"column":42}}]},"22":{"loc":{"start":{"line":162,"column":29},"end":{"line":162,"column":41}},"type":"binary-expr","locations":[{"start":{"line":162,"column":29},"end":{"line":162,"column":41}},{"start":{"line":162,"column":37},"end":{"line":162,"column":41}}]},"23":{"loc":{"start":{"line":162,"column":49},"end":{"line":162,"column":62}},"type":"cond-expr","locations":[{"start":{"line":162,"column":57},"end":{"line":162,"column":61}},{"start":{"line":162,"column":61},"end":{"line":162,"column":62}}]},"24":{"loc":{"start":{"line":162,"column":49},"end":{"line":162,"column":61}},"type":"binary-expr","locations":[{"start":{"line":162,"column":49},"end":{"line":162,"column":61}},{"start":{"line":162,"column":57},"end":{"line":162,"column":61}}]},"25":{"loc":{"start":{"line":172,"column":43},"end":{"line":172,"column":75}},"type":"default-arg","locations":[{"start":{"line":172,"column":65},"end":{"line":172,"column":75}}]},"26":{"loc":{"start":{"line":172,"column":77},"end":{"line":172,"column":94}},"type":"default-arg","locations":[{"start":{"line":172,"column":92},"end":{"line":172,"column":94}}]},"27":{"loc":{"start":{"line":172,"column":96},"end":{"line":172,"column":112}},"type":"default-arg","locations":[{"start":{"line":172,"column":111},"end":{"line":172,"column":112}}]},"28":{"loc":{"start":{"line":175,"column":4},"end":{"line":178,"column":5}},"type":"if","locations":[{"start":{"line":175,"column":4},"end":{"line":178,"column":5}},{"start":{},"end":{}}]},"29":{"loc":{"start":{"line":177,"column":6},"end":{"line":177,"column":32}},"type":"if","locations":[{"start":{"line":177,"column":6},"end":{"line":177,"column":32}},{"start":{},"end":{}}]},"30":{"loc":{"start":{"line":191,"column":2},"end":{"line":191,"column":33}},"type":"if","locations":[{"start":{"line":191,"column":2},"end":{"line":191,"column":33}},{"start":{},"end":{}}]},"31":{"loc":{"start":{"line":192,"column":2},"end":{"line":199,"column":3}},"type":"if","locations":[{"start":{"line":192,"column":2},"end":{"line":199,"column":3}},{"start":{},"end":{}}]},"32":{"loc":{"start":{"line":195,"column":4},"end":{"line":197,"column":5}},"type":"if","locations":[{"start":{"line":195,"column":4},"end":{"line":197,"column":5}},{"start":{},"end":{}}]},"33":{"loc":{"start":{"line":195,"column":8},"end":{"line":195,"column":56}},"type":"binary-expr","locations":[{"start":{"line":195,"column":8},"end":{"line":195,"column":29}},{"start":{"line":195,"column":33},"end":{"line":195,"column":56}}]},"34":{"loc":{"start":{"line":196,"column":13},"end":{"line":196,"column":46}},"type":"cond-expr","locations":[{"start":{"line":196,"column":27},"end":{"line":196,"column":36}},{"start":{"line":196,"column":39},"end":{"line":196,"column":46}}]},"35":{"loc":{"start":{"line":200,"column":2},"end":{"line":200,"column":31}},"type":"if","locations":[{"start":{"line":200,"column":2},"end":{"line":200,"column":31}},{"start":{},"end":{}}]},"36":{"loc":{"start":{"line":212,"column":2},"end":{"line":212,"column":33}},"type":"if","locations":[{"start":{"line":212,"column":2},"end":{"line":212,"column":33}},{"start":{},"end":{}}]},"37":{"loc":{"start":{"line":213,"column":2},"end":{"line":213,"column":36}},"type":"if","locations":[{"start":{"line":213,"column":2},"end":{"line":213,"column":36}},{"start":{},"end":{}}]},"38":{"loc":{"start":{"line":214,"column":2},"end":{"line":214,"column":38}},"type":"if","locations":[{"start":{"line":214,"column":2},"end":{"line":214,"column":38}},{"start":{},"end":{}}]},"39":{"loc":{"start":{"line":215,"column":2},"end":{"line":215,"column":87}},"type":"if","locations":[{"start":{"line":215,"column":2},"end":{"line":215,"column":87}},{"start":{},"end":{}}]},"40":{"loc":{"start":{"line":215,"column":6},"end":{"line":215,"column":27}},"type":"binary-expr","locations":[{"start":{"line":215,"column":6},"end":{"line":215,"column":14}},{"start":{"line":215,"column":18},"end":{"line":215,"column":27}}]},"41":{"loc":{"start":{"line":216,"column":2},"end":{"line":218,"column":3}},"type":"if","locations":[{"start":{"line":216,"column":2},"end":{"line":218,"column":3}},{"start":{},"end":{}}]}},"s":{"0":2,"1":2,"2":2,"3":2,"4":2,"5":52,"6":49,"7":49,"8":1,"9":48,"10":4,"11":4,"12":4,"13":44,"14":3,"15":41,"16":7,"17":7,"18":7,"19":34,"20":3,"21":3,"22":3,"23":31,"24":4,"25":4,"26":27,"27":4,"28":4,"29":4,"30":23,"31":2,"32":21,"33":21,"34":10,"35":10,"36":10,"37":10,"38":6,"39":10,"40":10,"41":10,"42":11,"43":11,"44":3,"45":8,"46":8,"47":2,"48":2,"49":6,"50":6,"51":6,"52":6,"53":6,"54":6,"55":0,"56":14,"57":14,"58":2,"59":98,"60":247,"61":247,"62":42,"63":42,"64":42,"65":56,"66":2,"67":10,"68":10,"69":10,"70":10,"71":10,"72":2,"73":8,"74":3,"75":2,"76":1,"77":5,"78":3,"79":2,"80":2,"81":7,"82":7,"83":7,"84":7,"85":1,"86":6,"87":1,"88":5,"89":1,"90":4,"91":1,"92":3,"93":2,"94":1,"95":2},"f":{"0":52,"1":49,"2":14,"3":98,"4":10,"5":7},"b":{"0":[1,48],"1":[4,44],"2":[3,41],"3":[44,42,41],"4":[7,34],"5":[7,0],"6":[3,31],"7":[34,32,31],"8":[4,27],"9":[31,28,27],"10":[4,23],"11":[27,23,23],"12":[2,21],"13":[23,22,21],"14":[10,11],"15":[6,4],"16":[3,8],"17":[2,6],"18":[1,1],"19":[6,0],"20":[1,5],"21":[13,1],"22":[14,14],"23":[12,2],"24":[14,14],"25":[0],"26":[33],"27":[36],"28":[42,205],"29":[42,0],"30":[2,8],"31":[3,5],"32":[2,1],"33":[3,1],"34":[1,1],"35":[3,2],"36":[1,6],"37":[1,5],"38":[1,4],"39":[1,3],"40":[4,3],"41":[2,1]}}
,"/Users/kynatro/workspace/notepack-obsidian/src/exporter.ts": {"path":"/Users/kynatro/workspace/notepack-obsidian/src/exporter.ts","statementMap":{"0":{"start":{"line":1,"column":0},"end":{"line":1,"column":55}},"1":{"start":{"line":4,"column":0},"end":{"line":4,"column":40}},"2":{"start":{"line":16,"column":4},"end":{"line":16,"column":19}},"3":{"start":{"line":17,"column":4},"end":{"line":17,"column":29}},"4":{"start":{"line":18,"column":4},"end":{"line":18,"column":31}},"5":{"start":{"line":22,"column":4},"end":{"line":22,"column":29}},"6":{"start":{"line":29,"column":16},"end":{"line":29,"column":17}},"7":{"start":{"line":32,"column":4},"end":{"line":32,"column":51}},"8":{"start":{"line":35,"column":20},"end":{"line":35,"column":59}},"9":{"start":{"line":36,"column":4},"end":{"line":38,"column":5}},"10":{"start":{"line":37,"column":6},"end":{"line":37,"column":60}},"11":{"start":{"line":41,"column":4},"end":{"line":41,"column":48}},"12":{"start":{"line":44,"column":4},"end":{"line":44,"column":35}},"13":{"start":{"line":46,"column":4},"end":{"line":46,"column":70}},"14":{"start":{"line":57,"column":4},"end":{"line":61,"column":5}},"15":{"start":{"line":58,"column":6},"end":{"line":58,"column":31}},"16":{"start":{"line":60,"column":6},"end":{"line":60,"column":73}},"17":{"start":{"line":64,"column":6},"end":{"line":66,"column":48}},"18":{"start":{"line":68,"column":4},"end":{"line":68,"column":70}},"19":{"start":{"line":76,"column":16},"end":{"line":76,"column":17}},"20":{"start":{"line":78,"column":4},"end":{"line":80,"column":5}},"21":{"start":{"line":79,"column":6},"end":{"line":79,"column":60}},"22":{"start":{"line":82,"column":4},"end":{"line":82,"column":17}},"23":{"start":{"line":86,"column":19},"end":{"line":86,"column":67}},"24":{"start":{"line":87,"column":4},"end":{"line":87,"column":47}},"25":{"start":{"line":87,"column":38},"end":{"line":87,"column":47}},"26":{"start":{"line":89,"column":16},"end":{"line":89,"column":17}},"27":{"start":{"line":91,"column":4},"end":{"line":108,"column":5}},"28":{"start":{"line":92,"column":6},"end":{"line":92,"column":48}},"29":{"start":{"line":92,"column":39},"end":{"line":92,"column":48}},"30":{"start":{"line":93,"column":6},"end":{"line":93,"column":65}},"31":{"start":{"line":93,"column":56},"end":{"line":93,"column":65}},"32":{"start":{"line":94,"column":6},"end":{"line":94,"column":74}},"33":{"start":{"line":94,"column":65},"end":{"line":94,"column":74}},"34":{"start":{"line":96,"column":25},"end":{"line":96,"column":50}},"35":{"start":{"line":97,"column":25},"end":{"line":97,"column":73}},"36":{"start":{"line":99,"column":6},"end":{"line":104,"column":7}},"37":{"start":{"line":100,"column":22},"end":{"line":100,"column":65}},"38":{"start":{"line":101,"column":8},"end":{"line":103,"column":9}},"39":{"start":{"line":102,"column":10},"end":{"line":102,"column":18}},"40":{"start":{"line":107,"column":6},"end":{"line":107,"column":60}},"41":{"start":{"line":110,"column":4},"end":{"line":110,"column":17}},"42":{"start":{"line":117,"column":23},"end":{"line":117,"column":34}},"43":{"start":{"line":118,"column":23},"end":{"line":118,"column":71}},"44":{"start":{"line":119,"column":4},"end":{"line":119,"column":47}},"45":{"start":{"line":119,"column":40},"end":{"line":119,"column":47}},"46":{"start":{"line":121,"column":24},"end":{"line":121,"column":45}},"47":{"start":{"line":122,"column":19},"end":{"line":122,"column":96}},"48":{"start":{"line":124,"column":26},"end":{"line":134,"column":17}},"49":{"start":{"line":126,"column":29},"end":{"line":126,"column":35}},"50":{"start":{"line":127,"column":24},"end":{"line":131,"column":31}},"51":{"start":{"line":132,"column":8},"end":{"line":132,"column":43}},"52":{"start":{"line":136,"column":20},"end":{"line":136,"column":51}},"53":{"start":{"line":138,"column":14},"end":{"line":138,"column":51}},"54":{"start":{"line":139,"column":4},"end":{"line":139,"column":60}},"55":{"start":{"line":140,"column":4},"end":{"line":140,"column":49}},"56":{"start":{"line":147,"column":21},"end":{"line":147,"column":54}},"57":{"start":{"line":149,"column":4},"end":{"line":159,"column":48}},"58":{"start":{"line":151,"column":8},"end":{"line":151,"column":49}},"59":{"start":{"line":151,"column":36},"end":{"line":151,"column":49}},"60":{"start":{"line":152,"column":8},"end":{"line":152,"column":67}},"61":{"start":{"line":152,"column":54},"end":{"line":152,"column":67}},"62":{"start":{"line":153,"column":8},"end":{"line":153,"column":64}},"63":{"start":{"line":153,"column":52},"end":{"line":153,"column":64}},"64":{"start":{"line":154,"column":8},"end":{"line":156,"column":10}},"65":{"start":{"line":155,"column":20},"end":{"line":155,"column":76}},"66":{"start":{"line":158,"column":22},"end":{"line":158,"column":49}},"67":{"start":{"line":169,"column":17},"end":{"line":169,"column":65}},"68":{"start":{"line":170,"column":4},"end":{"line":170,"column":47}},"69":{"start":{"line":170,"column":34},"end":{"line":170,"column":47}},"70":{"start":{"line":172,"column":19},"end":{"line":172,"column":89}},"71":{"start":{"line":173,"column":25},"end":{"line":173,"column":80}},"72":{"start":{"line":175,"column":14},"end":{"line":175,"column":45}},"73":{"start":{"line":176,"column":4},"end":{"line":176,"column":65}},"74":{"start":{"line":177,"column":4},"end":{"line":177,"column":43}},"75":{"start":{"line":178,"column":4},"end":{"line":178,"column":16}},"76":{"start":{"line":189,"column":23},"end":{"line":189,"column":58}},"77":{"start":{"line":190,"column":17},"end":{"line":190,"column":30}},"78":{"start":{"line":192,"column":4},"end":{"line":209,"column":5}},"79":{"start":{"line":193,"column":25},"end":{"line":195,"column":36}},"80":{"start":{"line":194,"column":23},"end":{"line":194,"column":44}},"81":{"start":{"line":195,"column":24},"end":{"line":195,"column":35}},"82":{"start":{"line":197,"column":6},"end":{"line":197,"column":44}},"83":{"start":{"line":197,"column":35},"end":{"line":197,"column":44}},"84":{"start":{"line":199,"column":24},"end":{"line":199,"column":37}},"85":{"start":{"line":200,"column":27},"end":{"line":202,"column":null}},"86":{"start":{"line":205,"column":6},"end":{"line":205,"column":89}},"87":{"start":{"line":206,"column":6},"end":{"line":208,"column":7}},"88":{"start":{"line":207,"column":8},"end":{"line":207,"column":41}},"89":{"start":{"line":211,"column":4},"end":{"line":211,"column":18}},"90":{"start":{"line":223,"column":25},"end":{"line":223,"column":57}},"91":{"start":{"line":224,"column":18},"end":{"line":224,"column":37}},"92":{"start":{"line":226,"column":4},"end":{"line":229,"column":5}},"93":{"start":{"line":228,"column":6},"end":{"line":228,"column":66}},"94":{"start":{"line":231,"column":24},"end":{"line":231,"column":60}},"95":{"start":{"line":232,"column":29},"end":{"line":232,"column":70}},"96":{"start":{"line":234,"column":6},"end":{"line":236,"column":50}},"97":{"start":{"line":238,"column":19},"end":{"line":238,"column":52}},"98":{"start":{"line":239,"column":18},"end":{"line":239,"column":48}},"99":{"start":{"line":241,"column":18},"end":{"line":241,"column":48}},"100":{"start":{"line":242,"column":4},"end":{"line":242,"column":33}},"101":{"start":{"line":242,"column":15},"end":{"line":242,"column":33}},"102":{"start":{"line":244,"column":4},"end":{"line":244,"column":37}},"103":{"start":{"line":251,"column":20},"end":{"line":251,"column":75}},"104":{"start":{"line":252,"column":22},"end":{"line":252,"column":63}},"105":{"start":{"line":253,"column":20},"end":{"line":253,"column":37}},"106":{"start":{"line":256,"column":17},"end":{"line":256,"column":18}},"107":{"start":{"line":257,"column":4},"end":{"line":263,"column":5}},"108":{"start":{"line":262,"column":6},"end":{"line":262,"column":15}},"109":{"start":{"line":265,"column":16},"end":{"line":265,"column":41}},"110":{"start":{"line":266,"column":21},"end":{"line":269,"column":15}},"111":{"start":{"line":271,"column":4},"end":{"line":275,"column":28}},"112":{"start":{"line":10,"column":0},"end":{"line":10,"column":13}}},"fnMap":{"0":{"name":"(anonymous_0)","decl":{"start":{"line":15,"column":2},"end":{"line":15,"column":14}},"loc":{"start":{"line":15,"column":72},"end":{"line":19,"column":3}}},"1":{"name":"(anonymous_1)","decl":{"start":{"line":21,"column":2},"end":{"line":21,"column":16}},"loc":{"start":{"line":21,"column":43},"end":{"line":23,"column":3}}},"2":{"name":"(anonymous_2)","decl":{"start":{"line":28,"column":8},"end":{"line":28,"column":17}},"loc":{"start":{"line":28,"column":17},"end":{"line":47,"column":null}}},"3":{"name":"(anonymous_4)","decl":{"start":{"line":54,"column":8},"end":{"line":54,"column":28}},"loc":{"start":{"line":54,"column":47},"end":{"line":69,"column":null}}},"4":{"name":"(anonymous_6)","decl":{"start":{"line":75,"column":8},"end":{"line":75,"column":29}},"loc":{"start":{"line":75,"column":29},"end":{"line":83,"column":null}}},"5":{"name":"(anonymous_8)","decl":{"start":{"line":85,"column":16},"end":{"line":85,"column":37}},"loc":{"start":{"line":85,"column":56},"end":{"line":111,"column":null}}},"6":{"name":"(anonymous_10)","decl":{"start":{"line":116,"column":8},"end":{"line":116,"column":25}},"loc":{"start":{"line":116,"column":25},"end":{"line":141,"column":null}}},"7":{"name":"(anonymous_12)","decl":{"start":{"line":125,"column":11},"end":{"line":125,"column":12}},"loc":{"start":{"line":125,"column":17},"end":{"line":133,"column":7}}},"8":{"name":"(anonymous_13)","decl":{"start":{"line":146,"column":10},"end":{"line":146,"column":24}},"loc":{"start":{"line":146,"column":24},"end":{"line":160,"column":3}}},"9":{"name":"(anonymous_14)","decl":{"start":{"line":150,"column":14},"end":{"line":150,"column":15}},"loc":{"start":{"line":150,"column":20},"end":{"line":157,"column":7}}},"10":{"name":"(anonymous_15)","decl":{"start":{"line":155,"column":10},"end":{"line":155,"column":11}},"loc":{"start":{"line":155,"column":20},"end":{"line":155,"column":76}}},"11":{"name":"(anonymous_16)","decl":{"start":{"line":158,"column":12},"end":{"line":158,"column":13}},"loc":{"start":{"line":158,"column":22},"end":{"line":158,"column":49}}},"12":{"name":"(anonymous_17)","decl":{"start":{"line":165,"column":16},"end":{"line":165,"column":34}},"loc":{"start":{"line":167,"column":17},"end":{"line":179,"column":null}}},"13":{"name":"(anonymous_19)","decl":{"start":{"line":184,"column":10},"end":{"line":184,"column":33}},"loc":{"start":{"line":187,"column":18},"end":{"line":212,"column":3}}},"14":{"name":"(anonymous_20)","decl":{"start":{"line":194,"column":16},"end":{"line":194,"column":17}},"loc":{"start":{"line":194,"column":23},"end":{"line":194,"column":44}}},"15":{"name":"(anonymous_21)","decl":{"start":{"line":195,"column":14},"end":{"line":195,"column":15}},"loc":{"start":{"line":195,"column":24},"end":{"line":195,"column":35}}},"16":{"name":"(anonymous_22)","decl":{"start":{"line":218,"column":10},"end":{"line":218,"column":32}},"loc":{"start":{"line":221,"column":22},"end":{"line":245,"column":3}}},"17":{"name":"(anonymous_23)","decl":{"start":{"line":250,"column":10},"end":{"line":250,"column":29}},"loc":{"start":{"line":250,"column":62},"end":{"line":276,"column":3}}}},"branchMap":{"0":{"loc":{"start":{"line":57,"column":4},"end":{"line":61,"column":5}},"type":"if","locations":[{"start":{"line":57,"column":4},"end":{"line":61,"column":5}},{"start":{"line":59,"column":11},"end":{"line":61,"column":5}}]},"1":{"loc":{"start":{"line":64,"column":6},"end":{"line":66,"column":48}},"type":"cond-expr","locations":[{"start":{"line":65,"column":10},"end":{"line":65,"column":37}},{"start":{"line":66,"column":10},"end":{"line":66,"column":48}}]},"2":{"loc":{"start":{"line":68,"column":11},"end":{"line":68,"column":69}},"type":"cond-expr","locations":[{"start":{"line":68,"column":64},"end":{"line":68,"column":65}},{"start":{"line":68,"column":68},"end":{"line":68,"column":69}}]},"3":{"loc":{"start":{"line":87,"column":4},"end":{"line":87,"column":47}},"type":"if","locations":[{"start":{"line":87,"column":4},"end":{"line":87,"column":47}},{"start":{},"end":{}}]},"4":{"loc":{"start":{"line":92,"column":6},"end":{"line":92,"column":48}},"type":"if","locations":[{"start":{"line":92,"column":6},"end":{"line":92,"column":48}},{"start":{},"end":{}}]},"5":{"loc":{"start":{"line":93,"column":6},"end":{"line":93,"column":65}},"type":"if","locations":[{"start":{"line":93,"column":6},"end":{"line":93,"column":65}},{"start":{},"end":{}}]},"6":{"loc":{"start":{"line":94,"column":6},"end":{"line":94,"column":74}},"type":"if","locations":[{"start":{"line":94,"column":6},"end":{"line":94,"column":74}},{"start":{},"end":{}}]},"7":{"loc":{"start":{"line":99,"column":6},"end":{"line":104,"column":7}},"type":"if","locations":[{"start":{"line":99,"column":6},"end":{"line":104,"column":7}},{"start":{},"end":{}}]},"8":{"loc":{"start":{"line":101,"column":8},"end":{"line":103,"column":9}},"type":"if","locations":[{"start":{"line":101,"column":8},"end":{"line":103,"column":9}},{"start":{},"end":{}}]},"9":{"loc":{"start":{"line":119,"column":4},"end":{"line":119,"column":47}},"type":"if","locations":[{"start":{"line":119,"column":4},"end":{"line":119,"column":47}},{"start":{},"end":{}}]},"10":{"loc":{"start":{"line":151,"column":8},"end":{"line":151,"column":49}},"type":"if","locations":[{"start":{"line":151,"column":8},"end":{"line":151,"column":49}},{"start":{},"end":{}}]},"11":{"loc":{"start":{"line":152,"column":8},"end":{"line":152,"column":67}},"type":"if","locations":[{"start":{"line":152,"column":8},"end":{"line":152,"column":67}},{"start":{},"end":{}}]},"12":{"loc":{"start":{"line":153,"column":8},"end":{"line":153,"column":64}},"type":"if","locations":[{"start":{"line":153,"column":8},"end":{"line":153,"column":64}},{"start":{},"end":{}}]},"13":{"loc":{"start":{"line":155,"column":20},"end":{"line":155,"column":76}},"type":"binary-expr","locations":[{"start":{"line":155,"column":20},"end":{"line":155,"column":49}},{"start":{"line":155,"column":53},"end":{"line":155,"column":76}}]},"14":{"loc":{"start":{"line":170,"column":4},"end":{"line":170,"column":47}},"type":"if","locations":[{"start":{"line":170,"column":4},"end":{"line":170,"column":47}},{"start":{},"end":{}}]},"15":{"loc":{"start":{"line":197,"column":6},"end":{"line":197,"column":44}},"type":"if","locations":[{"start":{"line":197,"column":6},"end":{"line":197,"column":44}},{"start":{},"end":{}}]},"16":{"loc":{"start":{"line":226,"column":4},"end":{"line":229,"column":5}},"type":"if","locations":[{"start":{"line":226,"column":4},"end":{"line":229,"column":5}},{"start":{},"end":{}}]},"17":{"loc":{"start":{"line":234,"column":6},"end":{"line":236,"column":50}},"type":"cond-expr","locations":[{"start":{"line":235,"column":10},"end":{"line":235,"column":20}},{"start":{"line":236,"column":10},"end":{"line":236,"column":50}}]},"18":{"loc":{"start":{"line":242,"column":4},"end":{"line":242,"column":33}},"type":"if","locations":[{"start":{"line":242,"column":4},"end":{"line":242,"column":33}},{"start":{},"end":{}}]},"19":{"loc":{"start":{"line":251,"column":20},"end":{"line":251,"column":75}},"type":"binary-expr","locations":[{"start":{"line":251,"column":20},"end":{"line":251,"column":68}},{"start":{"line":251,"column":72},"end":{"line":251,"column":75}}]},"20":{"loc":{"start":{"line":252,"column":22},"end":{"line":252,"column":63}},"type":"cond-expr","locations":[{"start":{"line":252,"column":40},"end":{"line":252,"column":42}},{"start":{"line":252,"column":45},"end":{"line":252,"column":63}}]},"21":{"loc":{"start":{"line":258,"column":6},"end":{"line":260,"column":43}},"type":"binary-expr","locations":[{"start":{"line":258,"column":6},"end":{"line":258,"column":31}},{"start":{"line":259,"column":6},"end":{"line":259,"column":29}},{"start":{"line":260,"column":6},"end":{"line":260,"column":43}}]}},"s":{"0":1,"1":1,"2":22,"3":22,"4":22,"5":1,"6":0,"7":0,"8":0,"9":0,"10":0,"11":0,"12":0,"13":0,"14":13,"15":11,"16":2,"17":13,"18":13,"19":3,"20":3,"21":2,"22":3,"23":3,"24":3,"25":0,"26":3,"27":3,"28":3,"29":1,"30":2,"31":1,"32":1,"33":0,"34":1,"35":1,"36":1,"37":1,"38":1,"39":1,"40":1,"41":3,"42":6,"43":6,"44":6,"45":1,"46":5,"47":5,"48":5,"49":9,"50":9,"51":9,"52":5,"53":5,"54":5,"55":5,"56":5,"57":5,"58":22,"59":5,"60":17,"61":1,"62":16,"63":0,"64":16,"65":16,"66":11,"67":14,"68":14,"69":1,"70":13,"71":13,"72":13,"73":13,"74":13,"75":13,"76":13,"77":13,"78":13,"79":7,"80":7,"81":0,"82":7,"83":0,"84":7,"85":7,"86":7,"87":7,"88":7,"89":13,"90":18,"91":18,"92":18,"93":13,"94":5,"95":5,"96":5,"97":5,"98":5,"99":5,"100":5,"101":2,"102":5,"103":7,"104":7,"105":7,"106":7,"107":7,"108":2,"109":7,"110":7,"111":7,"112":1},"f":{"0":22,"1":1,"2":0,"3":13,"4":3,"5":3,"6":6,"7":9,"8":5,"9":22,"10":16,"11":11,"12":14,"13":13,"14":7,"15":0,"16":18,"17":7},"b":{"0":[11,2],"1":[11,2],"2":[12,1],"3":[0,3],"4":[1,2],"5":[1,1],"6":[0,1],"7":[1,0],"8":[1,0],"9":[1,5],"10":[5,17],"11":[1,16],"12":[0,16],"13":[16,0],"14":[1,13],"15":[0,7],"16":[13,5],"17":[3,2],"18":[2,3],"19":[7,4],"20":[4,3],"21":[9,4,4]}}
,"/Users/kynatro/workspace/notepack-obsidian/src/team.ts": {"path":"/Users/kynatro/workspace/notepack-obsidian/src/team.ts","statementMap":{"0":{"start":{"line":1,"column":0},"end":{"line":1,"column":47}},"1":{"start":{"line":10,"column":2},"end":{"line":10,"column":49}},"2":{"start":{"line":9,"column":0},"end":{"line":9,"column":16}},"3":{"start":{"line":21,"column":25},"end":{"line":21,"column":44}},"4":{"start":{"line":22,"column":21},"end":{"line":22,"column":68}},"5":{"start":{"line":24,"column":2},"end":{"line":26,"column":3}},"6":{"start":{"line":25,"column":4},"end":{"line":25,"column":14}},"7":{"start":{"line":28,"column":32},"end":{"line":28,"column":34}},"8":{"start":{"line":30,"column":2},"end":{"line":53,"column":3}},"9":{"start":{"line":31,"column":4},"end":{"line":31,"column":46}},"10":{"start":{"line":31,"column":37},"end":{"line":31,"column":46}},"11":{"start":{"line":32,"column":4},"end":{"line":32,"column":63}},"12":{"start":{"line":32,"column":54},"end":{"line":32,"column":63}},"13":{"start":{"line":34,"column":17},"end":{"line":34,"column":27}},"14":{"start":{"line":35,"column":23},"end":{"line":35,"column":48}},"15":{"start":{"line":36,"column":23},"end":{"line":36,"column":66}},"16":{"start":{"line":37,"column":28},"end":{"line":37,"column":30}},"17":{"start":{"line":38,"column":25},"end":{"line":38,"column":30}},"18":{"start":{"line":40,"column":4},"end":{"line":50,"column":5}},"19":{"start":{"line":41,"column":20},"end":{"line":41,"column":62}},"20":{"start":{"line":42,"column":6},"end":{"line":49,"column":7}},"21":{"start":{"line":43,"column":8},"end":{"line":45,"column":9}},"22":{"start":{"line":44,"column":10},"end":{"line":44,"column":46}},"23":{"start":{"line":46,"column":8},"end":{"line":48,"column":9}},"24":{"start":{"line":47,"column":10},"end":{"line":47,"column":32}},"25":{"start":{"line":52,"column":4},"end":{"line":52,"column":52}},"26":{"start":{"line":55,"column":2},"end":{"line":55,"column":17}},"27":{"start":{"line":20,"column":0},"end":{"line":20,"column":16}},"28":{"start":{"line":68,"column":18},"end":{"line":68,"column":47}},"29":{"start":{"line":69,"column":38},"end":{"line":69,"column":40}},"30":{"start":{"line":71,"column":2},"end":{"line":79,"column":3}},"31":{"start":{"line":73,"column":4},"end":{"line":73,"column":48}},"32":{"start":{"line":76,"column":4},"end":{"line":78,"column":5}},"33":{"start":{"line":77,"column":6},"end":{"line":77,"column":44}},"34":{"start":{"line":81,"column":2},"end":{"line":81,"column":13}},"35":{"start":{"line":64,"column":0},"end":{"line":64,"column":16}}},"fnMap":{"0":{"name":"formatAlias","decl":{"start":{"line":9,"column":16},"end":{"line":9,"column":27}},"loc":{"start":{"line":9,"column":41},"end":{"line":11,"column":1}}},"1":{"name":"getTeamMembers","decl":{"start":{"line":20,"column":16},"end":{"line":20,"column":30}},"loc":{"start":{"line":20,"column":67},"end":{"line":56,"column":1}}},"2":{"name":"getTeamMemberAliases","decl":{"start":{"line":64,"column":16},"end":{"line":64,"column":36}},"loc":{"start":{"line":66,"column":28},"end":{"line":82,"column":1}}}},"branchMap":{"0":{"loc":{"start":{"line":24,"column":2},"end":{"line":26,"column":3}},"type":"if","locations":[{"start":{"line":24,"column":2},"end":{"line":26,"column":3}},{"start":{},"end":{}}]},"1":{"loc":{"start":{"line":31,"column":4},"end":{"line":31,"column":46}},"type":"if","locations":[{"start":{"line":31,"column":4},"end":{"line":31,"column":46}},{"start":{},"end":{}}]},"2":{"loc":{"start":{"line":32,"column":4},"end":{"line":32,"column":63}},"type":"if","locations":[{"start":{"line":32,"column":4},"end":{"line":32,"column":63}},{"start":{},"end":{}}]},"3":{"loc":{"start":{"line":40,"column":4},"end":{"line":50,"column":5}},"type":"if","locations":[{"start":{"line":40,"column":4},"end":{"line":50,"column":5}},{"start":{},"end":{}}]},"4":{"loc":{"start":{"line":42,"column":6},"end":{"line":49,"column":7}},"type":"if","locations":[{"start":{"line":42,"column":6},"end":{"line":49,"column":7}},{"start":{},"end":{}}]},"5":{"loc":{"start":{"line":42,"column":10},"end":{"line":42,"column":28}},"type":"cond-expr","locations":[{"start":{"line":42,"column":15},"end":{"line":42,"column":17}},{"start":{"line":42,"column":10},"end":{"line":42,"column":28}}]},"6":{"loc":{"start":{"line":42,"column":10},"end":{"line":42,"column":17}},"type":"binary-expr","locations":[{"start":{"line":42,"column":10},"end":{"line":42,"column":17}},{"start":{"line":42,"column":10},"end":{"line":42,"column":17}}]},"7":{"loc":{"start":{"line":43,"column":8},"end":{"line":45,"column":9}},"type":"if","locations":[{"start":{"line":43,"column":8},"end":{"line":45,"column":9}},{"start":{},"end":{}}]},"8":{"loc":{"start":{"line":46,"column":8},"end":{"line":48,"column":9}},"type":"if","locations":[{"start":{"line":46,"column":8},"end":{"line":48,"column":9}},{"start":{},"end":{}}]}},"s":{"0":3,"1":23,"2":3,"3":54,"4":54,"5":54,"6":41,"7":13,"8":13,"9":19,"10":1,"11":18,"12":2,"13":16,"14":16,"15":16,"16":16,"17":16,"18":16,"19":6,"20":6,"21":6,"22":4,"23":6,"24":1,"25":16,"26":13,"27":3,"28":44,"29":44,"30":44,"31":7,"32":7,"33":4,"34":44,"35":3},"f":{"0":23,"1":54,"2":44},"b":{"0":[41,13],"1":[1,18],"2":[2,16],"3":[6,10],"4":[6,0],"5":[0,6],"6":[6,6],"7":[4,2],"8":[1,5]}}
,"/Users/kynatro/workspace/notepack-obsidian/src/teamMemberModal.ts": {"path":"/Users/kynatro/workspace/notepack-obsidian/src/teamMemberModal.ts","statementMap":{"0":{"start":{"line":1,"column":0},"end":{"line":1,"column":50}},"1":{"start":{"line":3,"column":0},"end":{"line":3,"column":40}},"2":{"start":{"line":18,"column":4},"end":{"line":18,"column":15}},"3":{"start":{"line":19,"column":4},"end":{"line":19,"column":29}},"4":{"start":{"line":20,"column":4},"end":{"line":20,"column":29}},"5":{"start":{"line":21,"column":4},"end":{"line":21,"column":51}},"6":{"start":{"line":25,"column":4},"end":{"line":25,"column":51}},"7":{"start":{"line":29,"column":4},"end":{"line":29,"column":23}},"8":{"start":{"line":33,"column":4},"end":{"line":33,"column":26}},"9":{"start":{"line":9,"column":0},"end":{"line":9,"column":13}}},"fnMap":{"0":{"name":"(anonymous_0)","decl":{"start":{"line":13,"column":2},"end":{"line":13,"column":null}},"loc":{"start":{"line":16,"column":42},"end":{"line":22,"column":3}}},"1":{"name":"(anonymous_1)","decl":{"start":{"line":24,"column":2},"end":{"line":24,"column":10}},"loc":{"start":{"line":24,"column":10},"end":{"line":26,"column":3}}},"2":{"name":"(anonymous_2)","decl":{"start":{"line":28,"column":2},"end":{"line":28,"column":13}},"loc":{"start":{"line":28,"column":32},"end":{"line":30,"column":3}}},"3":{"name":"(anonymous_3)","decl":{"start":{"line":32,"column":2},"end":{"line":32,"column":14}},"loc":{"start":{"line":32,"column":33},"end":{"line":34,"column":3}}}},"branchMap":{},"s":{"0":0,"1":0,"2":0,"3":0,"4":0,"5":0,"6":0,"7":0,"8":0,"9":0},"f":{"0":0,"1":0,"2":0,"3":0},"b":{}}
,"/Users/kynatro/workspace/notepack-obsidian/src/todoIndex.ts": {"path":"/Users/kynatro/workspace/notepack-obsidian/src/todoIndex.ts","statementMap":{"0":{"start":{"line":3,"column":0},"end":{"line":3,"column":59}},"1":{"start":{"line":4,"column":0},"end":{"line":4,"column":64}},"2":{"start":{"line":19,"column":10},"end":{"line":19,"column":49}},"3":{"start":{"line":22,"column":10},"end":{"line":22,"column":48}},"4":{"start":{"line":25,"column":10},"end":{"line":25,"column":21}},"5":{"start":{"line":28,"column":10},"end":{"line":28,"column":49}},"6":{"start":{"line":31,"column":4},"end":{"line":31,"column":19}},"7":{"start":{"line":32,"column":4},"end":{"line":32,"column":29}},"8":{"start":{"line":44,"column":4},"end":{"line":44,"column":23}},"9":{"start":{"line":45,"column":4},"end":{"line":45,"column":20}},"10":{"start":{"line":46,"column":4},"end":{"line":46,"column":66}},"11":{"start":{"line":48,"column":18},"end":{"line":48,"column":51}},"12":{"start":{"line":49,"column":4},"end":{"line":53,"column":5}},"13":{"start":{"line":50,"column":6},"end":{"line":52,"column":7}},"14":{"start":{"line":51,"column":8},"end":{"line":51,"column":29}},"15":{"start":{"line":55,"column":4},"end":{"line":55,"column":18}},"16":{"start":{"line":63,"column":4},"end":{"line":63,"column":66}},"17":{"start":{"line":65,"column":4},"end":{"line":69,"column":5}},"18":{"start":{"line":66,"column":6},"end":{"line":68,"column":7}},"19":{"start":{"line":67,"column":8},"end":{"line":67,"column":66}},"20":{"start":{"line":71,"column":4},"end":{"line":71,"column":18}},"21":{"start":{"line":79,"column":4},"end":{"line":85,"column":5}},"22":{"start":{"line":81,"column":6},"end":{"line":83,"column":7}},"23":{"start":{"line":82,"column":8},"end":{"line":82,"column":30}},"24":{"start":{"line":84,"column":6},"end":{"line":84,"column":13}},"25":{"start":{"line":87,"column":4},"end":{"line":94,"column":5}},"26":{"start":{"line":89,"column":6},"end":{"line":92,"column":7}},"27":{"start":{"line":90,"column":8},"end":{"line":90,"column":37}},"28":{"start":{"line":91,"column":8},"end":{"line":91,"column":22}},"29":{"start":{"line":93,"column":6},"end":{"line":93,"column":13}},"30":{"start":{"line":96,"column":4},"end":{"line":96,"column":39}},"31":{"start":{"line":97,"column":4},"end":{"line":97,"column":18}},"32":{"start":{"line":104,"column":4},"end":{"line":107,"column":5}},"33":{"start":{"line":105,"column":6},"end":{"line":105,"column":30}},"34":{"start":{"line":106,"column":6},"end":{"line":106,"column":20}},"35":{"start":{"line":114,"column":24},"end":{"line":114,"column":26}},"36":{"start":{"line":115,"column":4},"end":{"line":117,"column":5}},"37":{"start":{"line":116,"column":6},"end":{"line":116,"column":25}},"38":{"start":{"line":118,"column":4},"end":{"line":118,"column":31}},"39":{"start":{"line":125,"column":21},"end":{"line":125,"column":50}},"40":{"start":{"line":126,"column":4},"end":{"line":128,"column":6}},"41":{"start":{"line":127,"column":39},"end":{"line":127,"column":69}},"42":{"start":{"line":135,"column":4},"end":{"line":137,"column":6}},"43":{"start":{"line":136,"column":39},"end":{"line":136,"column":65}},"44":{"start":{"line":144,"column":24},"end":{"line":144,"column":26}},"45":{"start":{"line":145,"column":4},"end":{"line":149,"column":5}},"46":{"start":{"line":146,"column":6},"end":{"line":148,"column":7}},"47":{"start":{"line":147,"column":8},"end":{"line":147,"column":27}},"48":{"start":{"line":150,"column":4},"end":{"line":150,"column":31}},"49":{"start":{"line":157,"column":19},"end":{"line":162,"column":6}},"50":{"start":{"line":158,"column":6},"end":{"line":158,"column":80}},"51":{"start":{"line":158,"column":36},"end":{"line":158,"column":80}},"52":{"start":{"line":159,"column":6},"end":{"line":159,"column":32}},"53":{"start":{"line":159,"column":22},"end":{"line":159,"column":32}},"54":{"start":{"line":160,"column":6},"end":{"line":160,"column":31}},"55":{"start":{"line":160,"column":22},"end":{"line":160,"column":31}},"56":{"start":{"line":161,"column":6},"end":{"line":161,"column":39}},"57":{"start":{"line":164,"column":17},"end":{"line":164,"column":34}},"58":{"start":{"line":165,"column":29},"end":{"line":165,"column":31}},"59":{"start":{"line":166,"column":4},"end":{"line":171,"column":5}},"60":{"start":{"line":167,"column":6},"end":{"line":170,"column":7}},"61":{"start":{"line":168,"column":8},"end":{"line":168,"column":33}},"62":{"start":{"line":169,"column":8},"end":{"line":169,"column":36}},"63":{"start":{"line":172,"column":4},"end":{"line":172,"column":18}},"64":{"start":{"line":179,"column":4},"end":{"line":179,"column":33}},"65":{"start":{"line":180,"column":4},"end":{"line":180,"column":49}},"66":{"start":{"line":180,"column":17},"end":{"line":180,"column":48}},"67":{"start":{"line":185,"column":4},"end":{"line":185,"column":29}},"68":{"start":{"line":193,"column":4},"end":{"line":195,"column":5}},"69":{"start":{"line":194,"column":6},"end":{"line":194,"column":17}},"70":{"start":{"line":203,"column":6},"end":{"line":203,"column":56}},"71":{"start":{"line":206,"column":4},"end":{"line":209,"column":5}},"72":{"start":{"line":207,"column":6},"end":{"line":207,"column":35}},"73":{"start":{"line":208,"column":6},"end":{"line":208,"column":13}},"74":{"start":{"line":211,"column":26},"end":{"line":211,"column":28}},"75":{"start":{"line":212,"column":22},"end":{"line":212,"column":42}},"76":{"start":{"line":214,"column":4},"end":{"line":217,"column":5}},"77":{"start":{"line":215,"column":6},"end":{"line":215,"column":36}},"78":{"start":{"line":216,"column":6},"end":{"line":216,"column":13}},"79":{"start":{"line":220,"column":20},"end":{"line":220,"column":55}},"80":{"start":{"line":221,"column":4},"end":{"line":225,"column":5}},"81":{"start":{"line":223,"column":6},"end":{"line":223,"column":36}},"82":{"start":{"line":224,"column":6},"end":{"line":224,"column":13}},"83":{"start":{"line":227,"column":18},"end":{"line":227,"column":37}},"84":{"start":{"line":228,"column":21},"end":{"line":228,"column":52}},"85":{"start":{"line":229,"column":20},"end":{"line":229,"column":69}},"86":{"start":{"line":231,"column":4},"end":{"line":258,"column":5}},"87":{"start":{"line":233,"column":6},"end":{"line":233,"column":38}},"88":{"start":{"line":233,"column":29},"end":{"line":233,"column":38}},"89":{"start":{"line":235,"column":22},"end":{"line":235,"column":46}},"90":{"start":{"line":236,"column":6},"end":{"line":236,"column":44}},"91":{"start":{"line":236,"column":35},"end":{"line":236,"column":44}},"92":{"start":{"line":238,"column":19},"end":{"line":238,"column":33}},"93":{"start":{"line":239,"column":24},"end":{"line":239,"column":60}},"94":{"start":{"line":240,"column":6},"end":{"line":240,"column":31}},"95":{"start":{"line":240,"column":22},"end":{"line":240,"column":31}},"96":{"start":{"line":242,"column":22},"end":{"line":242,"column":41}},"97":{"start":{"line":243,"column":25},"end":{"line":243,"column":52}},"98":{"start":{"line":244,"column":30},"end":{"line":244,"column":59}},"99":{"start":{"line":246,"column":6},"end":{"line":257,"column":9}},"100":{"start":{"line":260,"column":4},"end":{"line":260,"column":37}},"101":{"start":{"line":271,"column":4},"end":{"line":277,"column":5}},"102":{"start":{"line":273,"column":22},"end":{"line":273,"column":66}},"103":{"start":{"line":274,"column":6},"end":{"line":274,"column":48}},"104":{"start":{"line":274,"column":33},"end":{"line":274,"column":48}},"105":{"start":{"line":280,"column":4},"end":{"line":286,"column":5}},"106":{"start":{"line":282,"column":28},"end":{"line":282,"column":61}},"107":{"start":{"line":283,"column":6},"end":{"line":283,"column":66}},"108":{"start":{"line":283,"column":45},"end":{"line":283,"column":66}},"109":{"start":{"line":288,"column":4},"end":{"line":288,"column":16}},"110":{"start":{"line":295,"column":4},"end":{"line":295,"column":65}},"111":{"start":{"line":295,"column":58},"end":{"line":295,"column":65}},"112":{"start":{"line":297,"column":18},"end":{"line":297,"column":59}},"113":{"start":{"line":298,"column":4},"end":{"line":298,"column":49}},"114":{"start":{"line":298,"column":42},"end":{"line":298,"column":49}},"115":{"start":{"line":300,"column":22},"end":{"line":300,"column":38}},"116":{"start":{"line":301,"column":4},"end":{"line":304,"column":5}},"117":{"start":{"line":302,"column":6},"end":{"line":302,"column":36}},"118":{"start":{"line":303,"column":6},"end":{"line":303,"column":13}},"119":{"start":{"line":306,"column":20},"end":{"line":306,"column":57}},"120":{"start":{"line":307,"column":18},"end":{"line":307,"column":37}},"121":{"start":{"line":308,"column":26},"end":{"line":308,"column":28}},"122":{"start":{"line":309,"column":21},"end":{"line":309,"column":52}},"123":{"start":{"line":310,"column":20},"end":{"line":310,"column":69}},"124":{"start":{"line":312,"column":4},"end":{"line":338,"column":5}},"125":{"start":{"line":313,"column":6},"end":{"line":313,"column":38}},"126":{"start":{"line":313,"column":29},"end":{"line":313,"column":38}},"127":{"start":{"line":315,"column":22},"end":{"line":315,"column":46}},"128":{"start":{"line":316,"column":6},"end":{"line":316,"column":44}},"129":{"start":{"line":316,"column":35},"end":{"line":316,"column":44}},"130":{"start":{"line":318,"column":19},"end":{"line":318,"column":33}},"131":{"start":{"line":319,"column":24},"end":{"line":319,"column":60}},"132":{"start":{"line":320,"column":6},"end":{"line":320,"column":31}},"133":{"start":{"line":320,"column":22},"end":{"line":320,"column":31}},"134":{"start":{"line":322,"column":22},"end":{"line":322,"column":41}},"135":{"start":{"line":323,"column":25},"end":{"line":323,"column":52}},"136":{"start":{"line":324,"column":30},"end":{"line":324,"column":59}},"137":{"start":{"line":326,"column":6},"end":{"line":337,"column":9}},"138":{"start":{"line":340,"column":4},"end":{"line":340,"column":37}},"139":{"start":{"line":347,"column":4},"end":{"line":347,"column":23}},"140":{"start":{"line":348,"column":4},"end":{"line":348,"column":20}},"141":{"start":{"line":349,"column":4},"end":{"line":349,"column":66}},"142":{"start":{"line":351,"column":18},"end":{"line":351,"column":51}},"143":{"start":{"line":352,"column":20},"end":{"line":353,"column":null}},"144":{"start":{"line":353,"column":13},"end":{"line":353,"column":55}},"145":{"start":{"line":356,"column":4},"end":{"line":358,"column":5}},"146":{"start":{"line":357,"column":6},"end":{"line":357,"column":38}},"147":{"start":{"line":360,"column":4},"end":{"line":360,"column":18}},"148":{"start":{"line":368,"column":4},"end":{"line":368,"column":66}},"149":{"start":{"line":368,"column":53},"end":{"line":368,"column":66}},"150":{"start":{"line":371,"column":4},"end":{"line":371,"column":60}},"151":{"start":{"line":371,"column":48},"end":{"line":371,"column":60}},"152":{"start":{"line":374,"column":4},"end":{"line":377,"column":6}},"153":{"start":{"line":375,"column":44},"end":{"line":375,"column":100}},"154":{"start":{"line":381,"column":4},"end":{"line":381,"column":37}},"155":{"start":{"line":389,"column":18},"end":{"line":389,"column":46}},"156":{"start":{"line":390,"column":4},"end":{"line":390,"column":35}},"157":{"start":{"line":397,"column":4},"end":{"line":397,"column":41}},"158":{"start":{"line":397,"column":29},"end":{"line":397,"column":41}},"159":{"start":{"line":398,"column":22},"end":{"line":398,"column":83}},"160":{"start":{"line":399,"column":4},"end":{"line":399,"column":70}},"161":{"start":{"line":406,"column":18},"end":{"line":406,"column":57}},"162":{"start":{"line":407,"column":4},"end":{"line":407,"column":35}},"163":{"start":{"line":415,"column":17},"end":{"line":415,"column":30}},"164":{"start":{"line":416,"column":18},"end":{"line":416,"column":38}},"165":{"start":{"line":419,"column":4},"end":{"line":419,"column":16}},"166":{"start":{"line":421,"column":21},"end":{"line":421,"column":68}},"167":{"start":{"line":424,"column":4},"end":{"line":426,"column":5}},"168":{"start":{"line":425,"column":6},"end":{"line":425,"column":43}},"169":{"start":{"line":428,"column":4},"end":{"line":428,"column":33}},"170":{"start":{"line":428,"column":21},"end":{"line":428,"column":33}},"171":{"start":{"line":429,"column":4},"end":{"line":429,"column":37}},"172":{"start":{"line":433,"column":4},"end":{"line":444,"column":7}},"173":{"start":{"line":435,"column":6},"end":{"line":442,"column":7}},"174":{"start":{"line":436,"column":20},"end":{"line":436,"column":56}},"175":{"start":{"line":437,"column":8},"end":{"line":437,"column":34}},"176":{"start":{"line":437,"column":23},"end":{"line":437,"column":34}},"177":{"start":{"line":438,"column":13},"end":{"line":442,"column":7}},"178":{"start":{"line":439,"column":8},"end":{"line":439,"column":18}},"179":{"start":{"line":440,"column":13},"end":{"line":442,"column":7}},"180":{"start":{"line":441,"column":8},"end":{"line":441,"column":17}},"181":{"start":{"line":443,"column":6},"end":{"line":443,"column":25}},"182":{"start":{"line":14,"column":0},"end":{"line":14,"column":13}}},"fnMap":{"0":{"name":"(anonymous_0)","decl":{"start":{"line":30,"column":2},"end":{"line":30,"column":14}},"loc":{"start":{"line":30,"column":50},"end":{"line":33,"column":3}}},"1":{"name":"(anonymous_1)","decl":{"start":{"line":43,"column":2},"end":{"line":43,"column":9}},"loc":{"start":{"line":43,"column":9},"end":{"line":56,"column":3}}},"2":{"name":"(anonymous_2)","decl":{"start":{"line":62,"column":2},"end":{"line":62,"column":16}},"loc":{"start":{"line":62,"column":16},"end":{"line":72,"column":3}}},"3":{"name":"(anonymous_3)","decl":{"start":{"line":78,"column":2},"end":{"line":78,"column":12}},"loc":{"start":{"line":78,"column":64},"end":{"line":98,"column":3}}},"4":{"name":"(anonymous_4)","decl":{"start":{"line":103,"column":2},"end":{"line":103,"column":12}},"loc":{"start":{"line":103,"column":25},"end":{"line":108,"column":3}}},"5":{"name":"(anonymous_5)","decl":{"start":{"line":113,"column":2},"end":{"line":113,"column":13}},"loc":{"start":{"line":113,"column":13},"end":{"line":119,"column":3}}},"6":{"name":"(anonymous_6)","decl":{"start":{"line":124,"column":2},"end":{"line":124,"column":13}},"loc":{"start":{"line":124,"column":32},"end":{"line":129,"column":3}}},"7":{"name":"(anonymous_7)","decl":{"start":{"line":127,"column":32},"end":{"line":127,"column":33}},"loc":{"start":{"line":127,"column":39},"end":{"line":127,"column":69}}},"8":{"name":"(anonymous_8)","decl":{"start":{"line":134,"column":2},"end":{"line":134,"column":12}},"loc":{"start":{"line":134,"column":12},"end":{"line":138,"column":3}}},"9":{"name":"(anonymous_9)","decl":{"start":{"line":136,"column":32},"end":{"line":136,"column":33}},"loc":{"start":{"line":136,"column":39},"end":{"line":136,"column":65}}},"10":{"name":"(anonymous_10)","decl":{"start":{"line":143,"column":2},"end":{"line":143,"column":18}},"loc":{"start":{"line":143,"column":37},"end":{"line":151,"column":3}}},"11":{"name":"(anonymous_11)","decl":{"start":{"line":156,"column":2},"end":{"line":156,"column":15}},"loc":{"start":{"line":156,"column":29},"end":{"line":173,"column":3}}},"12":{"name":"(anonymous_12)","decl":{"start":{"line":157,"column":35},"end":{"line":157,"column":36}},"loc":{"start":{"line":157,"column":44},"end":{"line":162,"column":5}}},"13":{"name":"(anonymous_13)","decl":{"start":{"line":178,"column":2},"end":{"line":178,"column":10}},"loc":{"start":{"line":178,"column":31},"end":{"line":181,"column":3}}},"14":{"name":"(anonymous_14)","decl":{"start":{"line":180,"column":11},"end":{"line":180,"column":14}},"loc":{"start":{"line":180,"column":17},"end":{"line":180,"column":48}}},"15":{"name":"(anonymous_15)","decl":{"start":{"line":184,"column":2},"end":{"line":184,"column":16}},"loc":{"start":{"line":184,"column":43},"end":{"line":186,"column":3}}},"16":{"name":"(anonymous_16)","decl":{"start":{"line":192,"column":10},"end":{"line":192,"column":16}},"loc":{"start":{"line":192,"column":16},"end":{"line":196,"column":3}}},"17":{"name":"(anonymous_17)","decl":{"start":{"line":201,"column":10},"end":{"line":201,"column":19}},"loc":{"start":{"line":201,"column":70},"end":{"line":261,"column":3}}},"18":{"name":"(anonymous_18)","decl":{"start":{"line":267,"column":10},"end":{"line":267,"column":26}},"loc":{"start":{"line":267,"column":38},"end":{"line":289,"column":3}}},"19":{"name":"(anonymous_19)","decl":{"start":{"line":294,"column":8},"end":{"line":294,"column":22}},"loc":{"start":{"line":294,"column":34},"end":{"line":341,"column":null}}},"20":{"name":"(anonymous_21)","decl":{"start":{"line":346,"column":8},"end":{"line":346,"column":20}},"loc":{"start":{"line":346,"column":20},"end":{"line":361,"column":null}}},"21":{"name":"(anonymous_23)","decl":{"start":{"line":353,"column":6},"end":{"line":353,"column":7}},"loc":{"start":{"line":353,"column":13},"end":{"line":353,"column":55}}},"22":{"name":"(anonymous_24)","decl":{"start":{"line":366,"column":10},"end":{"line":366,"column":23}},"loc":{"start":{"line":366,"column":35},"end":{"line":378,"column":3}}},"23":{"name":"(anonymous_25)","decl":{"start":{"line":375,"column":37},"end":{"line":375,"column":38}},"loc":{"start":{"line":375,"column":44},"end":{"line":375,"column":100}}},"24":{"name":"(anonymous_26)","decl":{"start":{"line":380,"column":10},"end":{"line":380,"column":18}},"loc":{"start":{"line":380,"column":30},"end":{"line":382,"column":3}}},"25":{"name":"(anonymous_27)","decl":{"start":{"line":388,"column":10},"end":{"line":388,"column":23}},"loc":{"start":{"line":388,"column":36},"end":{"line":391,"column":3}}},"26":{"name":"(anonymous_28)","decl":{"start":{"line":396,"column":10},"end":{"line":396,"column":22}},"loc":{"start":{"line":396,"column":41},"end":{"line":400,"column":3}}},"27":{"name":"(anonymous_29)","decl":{"start":{"line":405,"column":10},"end":{"line":405,"column":25}},"loc":{"start":{"line":405,"column":42},"end":{"line":408,"column":3}}},"28":{"name":"(anonymous_30)","decl":{"start":{"line":414,"column":10},"end":{"line":414,"column":24}},"loc":{"start":{"line":414,"column":36},"end":{"line":430,"column":3}}},"29":{"name":"(anonymous_31)","decl":{"start":{"line":432,"column":10},"end":{"line":432,"column":19}},"loc":{"start":{"line":432,"column":33},"end":{"line":445,"column":3}}},"30":{"name":"(anonymous_32)","decl":{"start":{"line":433,"column":22},"end":{"line":433,"column":23}},"loc":{"start":{"line":433,"column":31},"end":{"line":444,"column":5}}}},"branchMap":{"0":{"loc":{"start":{"line":50,"column":6},"end":{"line":52,"column":7}},"type":"if","locations":[{"start":{"line":50,"column":6},"end":{"line":52,"column":7}},{"start":{},"end":{}}]},"1":{"loc":{"start":{"line":50,"column":10},"end":{"line":50,"column":58}},"type":"binary-expr","locations":[{"start":{"line":50,"column":10},"end":{"line":50,"column":34}},{"start":{"line":50,"column":38},"end":{"line":50,"column":58}}]},"2":{"loc":{"start":{"line":79,"column":4},"end":{"line":85,"column":5}},"type":"if","locations":[{"start":{"line":79,"column":4},"end":{"line":85,"column":5}},{"start":{},"end":{}}]},"3":{"loc":{"start":{"line":81,"column":6},"end":{"line":83,"column":7}},"type":"if","locations":[{"start":{"line":81,"column":6},"end":{"line":83,"column":7}},{"start":{},"end":{}}]},"4":{"loc":{"start":{"line":87,"column":4},"end":{"line":94,"column":5}},"type":"if","locations":[{"start":{"line":87,"column":4},"end":{"line":94,"column":5}},{"start":{},"end":{}}]},"5":{"loc":{"start":{"line":89,"column":6},"end":{"line":92,"column":7}},"type":"if","locations":[{"start":{"line":89,"column":6},"end":{"line":92,"column":7}},{"start":{},"end":{}}]},"6":{"loc":{"start":{"line":104,"column":4},"end":{"line":107,"column":5}},"type":"if","locations":[{"start":{"line":104,"column":4},"end":{"line":107,"column":5}},{"start":{},"end":{}}]},"7":{"loc":{"start":{"line":146,"column":6},"end":{"line":148,"column":7}},"type":"if","locations":[{"start":{"line":146,"column":6},"end":{"line":148,"column":7}},{"start":{},"end":{}}]},"8":{"loc":{"start":{"line":146,"column":10},"end":{"line":146,"column":66}},"type":"binary-expr","locations":[{"start":{"line":146,"column":10},"end":{"line":146,"column":43}},{"start":{"line":146,"column":47},"end":{"line":146,"column":66}}]},"9":{"loc":{"start":{"line":158,"column":6},"end":{"line":158,"column":80}},"type":"if","locations":[{"start":{"line":158,"column":6},"end":{"line":158,"column":80}},{"start":{},"end":{}}]},"10":{"loc":{"start":{"line":158,"column":10},"end":{"line":158,"column":34}},"type":"binary-expr","locations":[{"start":{"line":158,"column":10},"end":{"line":158,"column":20}},{"start":{"line":158,"column":24},"end":{"line":158,"column":34}}]},"11":{"loc":{"start":{"line":159,"column":6},"end":{"line":159,"column":32}},"type":"if","locations":[{"start":{"line":159,"column":6},"end":{"line":159,"column":32}},{"start":{},"end":{}}]},"12":{"loc":{"start":{"line":160,"column":6},"end":{"line":160,"column":31}},"type":"if","locations":[{"start":{"line":160,"column":6},"end":{"line":160,"column":31}},{"start":{},"end":{}}]},"13":{"loc":{"start":{"line":167,"column":6},"end":{"line":170,"column":7}},"type":"if","locations":[{"start":{"line":167,"column":6},"end":{"line":170,"column":7}},{"start":{},"end":{}}]},"14":{"loc":{"start":{"line":203,"column":6},"end":{"line":203,"column":56}},"type":"binary-expr","locations":[{"start":{"line":203,"column":6},"end":{"line":203,"column":11}},{"start":{"line":203,"column":15},"end":{"line":203,"column":56}}]},"15":{"loc":{"start":{"line":206,"column":4},"end":{"line":209,"column":5}},"type":"if","locations":[{"start":{"line":206,"column":4},"end":{"line":209,"column":5}},{"start":{},"end":{}}]},"16":{"loc":{"start":{"line":206,"column":8},"end":{"line":206,"column":44}},"type":"cond-expr","locations":[{"start":{"line":206,"column":30},"end":{"line":206,"column":32}},{"start":{"line":206,"column":30},"end":{"line":206,"column":44}}]},"17":{"loc":{"start":{"line":206,"column":8},"end":{"line":206,"column":32}},"type":"binary-expr","locations":[{"start":{"line":206,"column":8},"end":{"line":206,"column":32}},{"start":{"line":206,"column":30},"end":{"line":206,"column":32}}]},"18":{"loc":{"start":{"line":206,"column":8},"end":{"line":206,"column":30}},"type":"cond-expr","locations":[{"start":{"line":206,"column":17},"end":{"line":206,"column":19}},{"start":{"line":206,"column":8},"end":{"line":206,"column":30}}]},"19":{"loc":{"start":{"line":206,"column":8},"end":{"line":206,"column":19}},"type":"binary-expr","locations":[{"start":{"line":206,"column":8},"end":{"line":206,"column":19}},{"start":{"line":206,"column":8},"end":{"line":206,"column":19}}]},"20":{"loc":{"start":{"line":212,"column":22},"end":{"line":212,"column":42}},"type":"cond-expr","locations":[{"start":{"line":212,"column":31},"end":{"line":212,"column":33}},{"start":{"line":212,"column":22},"end":{"line":212,"column":42}}]},"21":{"loc":{"start":{"line":212,"column":22},"end":{"line":212,"column":33}},"type":"binary-expr","locations":[{"start":{"line":212,"column":22},"end":{"line":212,"column":33}},{"start":{"line":212,"column":22},"end":{"line":212,"column":33}}]},"22":{"loc":{"start":{"line":214,"column":4},"end":{"line":217,"column":5}},"type":"if","locations":[{"start":{"line":214,"column":4},"end":{"line":217,"column":5}},{"start":{},"end":{}}]},"23":{"loc":{"start":{"line":220,"column":20},"end":{"line":220,"column":55}},"type":"cond-expr","locations":[{"start":{"line":220,"column":20},"end":{"line":220,"column":24}},{"start":{"line":220,"column":28},"end":{"line":220,"column":55}}]},"24":{"loc":{"start":{"line":220,"column":20},"end":{"line":220,"column":28}},"type":"binary-expr","locations":[{"start":{"line":220,"column":20},"end":{"line":220,"column":28}},{"start":{"line":220,"column":20},"end":{"line":220,"column":28}}]},"25":{"loc":{"start":{"line":221,"column":4},"end":{"line":225,"column":5}},"type":"if","locations":[{"start":{"line":221,"column":4},"end":{"line":225,"column":5}},{"start":{},"end":{}}]},"26":{"loc":{"start":{"line":229,"column":20},"end":{"line":229,"column":69}},"type":"cond-expr","locations":[{"start":{"line":229,"column":31},"end":{"line":229,"column":56}},{"start":{"line":229,"column":59},"end":{"line":229,"column":69}}]},"27":{"loc":{"start":{"line":233,"column":6},"end":{"line":233,"column":38}},"type":"if","locations":[{"start":{"line":233,"column":6},"end":{"line":233,"column":38}},{"start":{},"end":{}}]},"28":{"loc":{"start":{"line":236,"column":6},"end":{"line":236,"column":44}},"type":"if","locations":[{"start":{"line":236,"column":6},"end":{"line":236,"column":44}},{"start":{},"end":{}}]},"29":{"loc":{"start":{"line":240,"column":6},"end":{"line":240,"column":31}},"type":"if","locations":[{"start":{"line":240,"column":6},"end":{"line":240,"column":31}},{"start":{},"end":{}}]},"30":{"loc":{"start":{"line":273,"column":22},"end":{"line":273,"column":66}},"type":"cond-expr","locations":[{"start":{"line":273,"column":53},"end":{"line":273,"column":56}},{"start":{"line":273,"column":53},"end":{"line":273,"column":66}}]},"31":{"loc":{"start":{"line":273,"column":22},"end":{"line":273,"column":56}},"type":"binary-expr","locations":[{"start":{"line":273,"column":22},"end":{"line":273,"column":56}},{"start":{"line":273,"column":53},"end":{"line":273,"column":56}}]},"32":{"loc":{"start":{"line":274,"column":6},"end":{"line":274,"column":48}},"type":"if","locations":[{"start":{"line":274,"column":6},"end":{"line":274,"column":48}},{"start":{},"end":{}}]},"33":{"loc":{"start":{"line":282,"column":28},"end":{"line":282,"column":61}},"type":"cond-expr","locations":[{"start":{"line":282,"column":53},"end":{"line":282,"column":56}},{"start":{"line":282,"column":53},"end":{"line":282,"column":61}}]},"34":{"loc":{"start":{"line":282,"column":28},"end":{"line":282,"column":56}},"type":"binary-expr","locations":[{"start":{"line":282,"column":28},"end":{"line":282,"column":56}},{"start":{"line":282,"column":53},"end":{"line":282,"column":56}}]},"35":{"loc":{"start":{"line":283,"column":6},"end":{"line":283,"column":66}},"type":"if","locations":[{"start":{"line":283,"column":6},"end":{"line":283,"column":66}},{"start":{},"end":{}}]},"36":{"loc":{"start":{"line":295,"column":4},"end":{"line":295,"column":65}},"type":"if","locations":[{"start":{"line":295,"column":4},"end":{"line":295,"column":65}},{"start":{},"end":{}}]},"37":{"loc":{"start":{"line":295,"column":8},"end":{"line":295,"column":56}},"type":"binary-expr","locations":[{"start":{"line":295,"column":8},"end":{"line":295,"column":27}},{"start":{"line":295,"column":31},"end":{"line":295,"column":56}}]},"38":{"loc":{"start":{"line":298,"column":4},"end":{"line":298,"column":49}},"type":"if","locations":[{"start":{"line":298,"column":4},"end":{"line":298,"column":49}},{"start":{},"end":{}}]},"39":{"loc":{"start":{"line":298,"column":8},"end":{"line":298,"column":40}},"type":"cond-expr","locations":[{"start":{"line":298,"column":26},"end":{"line":298,"column":28}},{"start":{"line":298,"column":26},"end":{"line":298,"column":40}}]},"40":{"loc":{"start":{"line":298,"column":8},"end":{"line":298,"column":28}},"type":"binary-expr","locations":[{"start":{"line":298,"column":8},"end":{"line":298,"column":28}},{"start":{"line":298,"column":26},"end":{"line":298,"column":28}}]},"41":{"loc":{"start":{"line":298,"column":8},"end":{"line":298,"column":26}},"type":"cond-expr","locations":[{"start":{"line":298,"column":13},"end":{"line":298,"column":15}},{"start":{"line":298,"column":8},"end":{"line":298,"column":26}}]},"42":{"loc":{"start":{"line":298,"column":8},"end":{"line":298,"column":15}},"type":"binary-expr","locations":[{"start":{"line":298,"column":8},"end":{"line":298,"column":15}},{"start":{"line":298,"column":8},"end":{"line":298,"column":15}}]},"43":{"loc":{"start":{"line":300,"column":22},"end":{"line":300,"column":38}},"type":"cond-expr","locations":[{"start":{"line":300,"column":27},"end":{"line":300,"column":29}},{"start":{"line":300,"column":22},"end":{"line":300,"column":38}}]},"44":{"loc":{"start":{"line":300,"column":22},"end":{"line":300,"column":29}},"type":"binary-expr","locations":[{"start":{"line":300,"column":22},"end":{"line":300,"column":29}},{"start":{"line":300,"column":22},"end":{"line":300,"column":29}}]},"45":{"loc":{"start":{"line":301,"column":4},"end":{"line":304,"column":5}},"type":"if","locations":[{"start":{"line":301,"column":4},"end":{"line":304,"column":5}},{"start":{},"end":{}}]},"46":{"loc":{"start":{"line":301,"column":8},"end":{"line":301,"column":44}},"type":"binary-expr","locations":[{"start":{"line":301,"column":8},"end":{"line":301,"column":18}},{"start":{"line":301,"column":22},"end":{"line":301,"column":44}}]},"47":{"loc":{"start":{"line":310,"column":20},"end":{"line":310,"column":69}},"type":"cond-expr","locations":[{"start":{"line":310,"column":31},"end":{"line":310,"column":56}},{"start":{"line":310,"column":59},"end":{"line":310,"column":69}}]},"48":{"loc":{"start":{"line":313,"column":6},"end":{"line":313,"column":38}},"type":"if","locations":[{"start":{"line":313,"column":6},"end":{"line":313,"column":38}},{"start":{},"end":{}}]},"49":{"loc":{"start":{"line":316,"column":6},"end":{"line":316,"column":44}},"type":"if","locations":[{"start":{"line":316,"column":6},"end":{"line":316,"column":44}},{"start":{},"end":{}}]},"50":{"loc":{"start":{"line":320,"column":6},"end":{"line":320,"column":31}},"type":"if","locations":[{"start":{"line":320,"column":6},"end":{"line":320,"column":31}},{"start":{},"end":{}}]},"51":{"loc":{"start":{"line":353,"column":13},"end":{"line":353,"column":55}},"type":"binary-expr","locations":[{"start":{"line":353,"column":13},"end":{"line":353,"column":34}},{"start":{"line":353,"column":38},"end":{"line":353,"column":55}}]},"52":{"loc":{"start":{"line":368,"column":4},"end":{"line":368,"column":66}},"type":"if","locations":[{"start":{"line":368,"column":4},"end":{"line":368,"column":66}},{"start":{},"end":{}}]},"53":{"loc":{"start":{"line":371,"column":4},"end":{"line":371,"column":60}},"type":"if","locations":[{"start":{"line":371,"column":4},"end":{"line":371,"column":60}},{"start":{},"end":{}}]},"54":{"loc":{"start":{"line":375,"column":6},"end":{"line":376,"column":58}},"type":"binary-expr","locations":[{"start":{"line":375,"column":6},"end":{"line":375,"column":101}},{"start":{"line":376,"column":6},"end":{"line":376,"column":58}}]},"55":{"loc":{"start":{"line":375,"column":44},"end":{"line":375,"column":100}},"type":"binary-expr","locations":[{"start":{"line":375,"column":44},"end":{"line":375,"column":73}},{"start":{"line":375,"column":77},"end":{"line":375,"column":100}}]},"56":{"loc":{"start":{"line":390,"column":11},"end":{"line":390,"column":34}},"type":"cond-expr","locations":[{"start":{"line":390,"column":19},"end":{"line":390,"column":27}},{"start":{"line":390,"column":30},"end":{"line":390,"column":34}}]},"57":{"loc":{"start":{"line":397,"column":4},"end":{"line":397,"column":41}},"type":"if","locations":[{"start":{"line":397,"column":4},"end":{"line":397,"column":41}},{"start":{},"end":{}}]},"58":{"loc":{"start":{"line":399,"column":11},"end":{"line":399,"column":69}},"type":"binary-expr","locations":[{"start":{"line":399,"column":11},"end":{"line":399,"column":35}},{"start":{"line":399,"column":39},"end":{"line":399,"column":69}}]},"59":{"loc":{"start":{"line":407,"column":11},"end":{"line":407,"column":34}},"type":"cond-expr","locations":[{"start":{"line":407,"column":19},"end":{"line":407,"column":27}},{"start":{"line":407,"column":30},"end":{"line":407,"column":34}}]},"60":{"loc":{"start":{"line":421,"column":21},"end":{"line":421,"column":68}},"type":"cond-expr","locations":[{"start":{"line":421,"column":40},"end":{"line":421,"column":63}},{"start":{"line":421,"column":66},"end":{"line":421,"column":68}}]},"61":{"loc":{"start":{"line":424,"column":4},"end":{"line":426,"column":5}},"type":"if","locations":[{"start":{"line":424,"column":4},"end":{"line":426,"column":5}},{"start":{},"end":{}}]},"62":{"loc":{"start":{"line":424,"column":8},"end":{"line":424,"column":47}},"type":"binary-expr","locations":[{"start":{"line":424,"column":8},"end":{"line":424,"column":27}},{"start":{"line":424,"column":31},"end":{"line":424,"column":47}}]},"63":{"loc":{"start":{"line":428,"column":4},"end":{"line":428,"column":33}},"type":"if","locations":[{"start":{"line":428,"column":4},"end":{"line":428,"column":33}},{"start":{},"end":{}}]},"64":{"loc":{"start":{"line":435,"column":6},"end":{"line":442,"column":7}},"type":"if","locations":[{"start":{"line":435,"column":6},"end":{"line":442,"column":7}},{"start":{"line":438,"column":13},"end":{"line":442,"column":7}}]},"65":{"loc":{"start":{"line":435,"column":10},"end":{"line":435,"column":34}},"type":"binary-expr","locations":[{"start":{"line":435,"column":10},"end":{"line":435,"column":20}},{"start":{"line":435,"column":24},"end":{"line":435,"column":34}}]},"66":{"loc":{"start":{"line":437,"column":8},"end":{"line":437,"column":34}},"type":"if","locations":[{"start":{"line":437,"column":8},"end":{"line":437,"column":34}},{"start":{},"end":{}}]},"67":{"loc":{"start":{"line":438,"column":13},"end":{"line":442,"column":7}},"type":"if","locations":[{"start":{"line":438,"column":13},"end":{"line":442,"column":7}},{"start":{"line":440,"column":13},"end":{"line":442,"column":7}}]},"68":{"loc":{"start":{"line":440,"column":13},"end":{"line":442,"column":7}},"type":"if","locations":[{"start":{"line":440,"column":13},"end":{"line":442,"column":7}},{"start":{},"end":{}}]}},"s":{"0":1,"1":1,"2":40,"3":40,"4":40,"5":40,"6":40,"7":40,"8":35,"9":35,"10":35,"11":35,"12":35,"13":44,"14":41,"15":35,"16":0,"17":0,"18":0,"19":0,"20":0,"21":4,"22":0,"23":0,"24":0,"25":4,"26":1,"27":1,"28":1,"29":1,"30":3,"31":3,"32":3,"33":2,"34":2,"35":40,"36":40,"37":41,"38":40,"39":2,"40":2,"41":3,"42":1,"43":2,"44":2,"45":2,"46":4,"47":2,"48":2,"49":2,"50":2,"51":2,"52":0,"53":0,"54":0,"55":0,"56":0,"57":2,"58":2,"59":2,"60":4,"61":3,"62":3,"63":2,"64":9,"65":9,"66":1,"67":1,"68":44,"69":7,"70":44,"71":44,"72":1,"73":1,"74":43,"75":43,"76":43,"77":0,"78":0,"79":43,"80":43,"81":0,"82":0,"83":43,"84":43,"85":43,"86":43,"87":49,"88":1,"89":48,"90":48,"91":0,"92":48,"93":48,"94":48,"95":0,"96":48,"97":48,"98":48,"99":48,"100":43,"101":40,"102":40,"103":40,"104":40,"105":0,"106":0,"107":0,"108":0,"109":0,"110":3,"111":0,"112":3,"113":3,"114":0,"115":3,"116":3,"117":0,"118":0,"119":3,"120":3,"121":3,"122":3,"123":3,"124":3,"125":4,"126":0,"127":4,"128":4,"129":0,"130":4,"131":4,"132":4,"133":0,"134":4,"135":4,"136":4,"137":4,"138":3,"139":3,"140":3,"141":3,"142":3,"143":3,"144":4,"145":3,"146":3,"147":3,"148":55,"149":1,"150":54,"151":49,"152":5,"153":5,"154":53,"155":52,"156":52,"157":54,"158":47,"159":7,"160":7,"161":46,"162":46,"163":52,"164":52,"165":52,"166":52,"167":52,"168":1,"169":52,"170":10,"171":42,"172":45,"173":9,"174":4,"175":4,"176":2,"177":5,"178":1,"179":4,"180":0,"181":6,"182":1},"f":{"0":40,"1":35,"2":0,"3":4,"4":3,"5":40,"6":2,"7":3,"8":1,"9":2,"10":2,"11":2,"12":2,"13":9,"14":1,"15":1,"16":44,"17":44,"18":40,"19":3,"20":3,"21":4,"22":55,"23":5,"24":53,"25":52,"26":54,"27":46,"28":52,"29":45,"30":9},"b":{"0":[41,3],"1":[44,42],"2":[0,4],"3":[0,0],"4":[1,3],"5":[1,0],"6":[2,1],"7":[2,2],"8":[4,2],"9":[2,0],"10":[2,2],"11":[0,0],"12":[0,0],"13":[3,1],"14":[44,41],"15":[1,43],"16":[43,1],"17":[44,44],"18":[0,44],"19":[44,44],"20":[0,43],"21":[43,43],"22":[0,43],"23":[3,40],"24":[43,43],"25":[0,43],"26":[10,33],"27":[1,48],"28":[0,48],"29":[0,48],"30":[0,40],"31":[40,40],"32":[40,0],"33":[0,0],"34":[0,0],"35":[0,0],"36":[0,3],"37":[3,3],"38":[0,3],"39":[3,0],"40":[3,3],"41":[0,3],"42":[3,3],"43":[0,3],"44":[3,3],"45":[0,3],"46":[3,3],"47":[0,3],"48":[0,4],"49":[0,4],"50":[0,4],"51":[4,4],"52":[1,54],"53":[49,5],"54":[5,3],"55":[5,3],"56":[5,47],"57":[47,7],"58":[7,7],"59":[10,36],"60":[42,10],"61":[1,51],"62":[52,1],"63":[10,42],"64":[4,5],"65":[9,5],"66":[2,2],"67":[1,4],"68":[0,4]}}
,"/Users/kynatro/workspace/notepack-obsidian/src/types.ts": {"path":"/Users/kynatro/workspace/notepack-obsidian/src/types.ts","statementMap":{"0":{"start":{"line":67,"column":13},"end":{"line":78,"column":2}},"1":{"start":{"line":83,"column":13},"end":{"line":83,"column":54}},"2":{"start":{"line":84,"column":13},"end":{"line":84,"column":58}},"3":{"start":{"line":85,"column":13},"end":{"line":85,"column":62}}},"fnMap":{},"branchMap":{},"s":{"0":3,"1":3,"2":3,"3":3},"f":{},"b":{}}
}
