TN:
SF:src/dueDateParser.ts
FN:61,startOfDay
FN:65,parseAbsoluteDate
FN:160,parseDateString
FN:172,parseDueDate
FN:186,getDueDateStatus
FN:207,formatDueDate
FNF:6
FNH:6
FNDA:52,startOfDay
FNDA:49,parseAbsoluteDate
FNDA:14,parseDateString
FNDA:98,parseDueDate
FNDA:10,getDueDateStatus
FNDA:7,formatDueDate
DA:1,2
DA:16,2
DA:28,2
DA:40,2
DA:55,2
DA:62,52
DA:66,49
DA:68,49
DA:69,48
DA:70,4
DA:71,4
DA:72,4
DA:76,44
DA:77,3
DA:83,41
DA:84,7
DA:85,7
DA:86,7
DA:91,34
DA:92,3
DA:93,3
DA:94,3
DA:98,31
DA:99,4
DA:100,4
DA:104,27
DA:105,4
DA:106,4
DA:107,4
DA:111,23
DA:112,2
DA:116,21
DA:119,21
DA:120,10
DA:121,10
DA:122,10
DA:123,10
DA:124,10
DA:125,10
DA:126,10
DA:130,11
DA:131,11
DA:132,3
DA:136,8
DA:137,8
DA:138,2
DA:139,2
DA:143,6
DA:146,6
DA:147,6
DA:148,6
DA:149,6
DA:150,6
DA:153,0
DA:160,2
DA:161,14
DA:162,14
DA:172,2
DA:173,98
DA:174,247
DA:175,247
DA:176,42
DA:177,42
DA:180,56
DA:186,2
DA:187,10
DA:188,10
DA:189,10
DA:190,10
DA:191,10
DA:192,8
DA:195,3
DA:196,2
DA:198,1
DA:200,5
DA:201,2
DA:207,2
DA:208,7
DA:209,7
DA:210,7
DA:212,7
DA:213,6
DA:214,5
DA:215,4
DA:216,3
DA:217,2
DA:219,1
LF:87
LH:86
BRDA:68,0,0,1
BRDA:68,0,1,48
BRDA:69,1,0,4
BRDA:69,1,1,44
BRDA:76,2,0,3
BRDA:76,2,1,41
BRDA:76,3,0,44
BRDA:76,3,1,42
BRDA:76,3,2,41
BRDA:83,4,0,7
BRDA:83,4,1,34
BRDA:85,5,0,7
BRDA:85,5,1,0
BRDA:91,6,0,3
BRDA:91,6,1,31
BRDA:91,7,0,34
BRDA:91,7,1,32
BRDA:91,7,2,31
BRDA:98,8,0,4
BRDA:98,8,1,27
BRDA:98,9,0,31
BRDA:98,9,1,28
BRDA:98,9,2,27
BRDA:104,10,0,4
BRDA:104,10,1,23
BRDA:104,11,0,27
BRDA:104,11,1,23
BRDA:104,11,2,23
BRDA:111,12,0,2
BRDA:111,12,1,21
BRDA:111,13,0,23
BRDA:111,13,1,22
BRDA:111,13,2,21
BRDA:119,14,0,10
BRDA:119,14,1,11
BRDA:123,15,0,6
BRDA:123,15,1,4
BRDA:131,16,0,3
BRDA:131,16,1,8
BRDA:137,17,0,2
BRDA:137,17,1,6
BRDA:138,18,0,1
BRDA:138,18,1,1
BRDA:146,19,0,6
BRDA:146,19,1,0
BRDA:149,20,0,1
BRDA:149,20,1,5
BRDA:162,21,0,13
BRDA:162,21,1,1
BRDA:162,22,0,14
BRDA:162,22,1,14
BRDA:162,23,0,12
BRDA:162,23,1,2
BRDA:162,24,0,14
BRDA:162,24,1,14
BRDA:172,25,0,0
BRDA:172,26,0,33
BRDA:172,27,0,36
BRDA:175,28,0,42
BRDA:175,28,1,205
BRDA:177,29,0,42
BRDA:177,29,1,0
BRDA:191,30,0,2
BRDA:191,30,1,8
BRDA:192,31,0,3
BRDA:192,31,1,5
BRDA:195,32,0,2
BRDA:195,32,1,1
BRDA:195,33,0,3
BRDA:195,33,1,1
BRDA:196,34,0,1
BRDA:196,34,1,1
BRDA:200,35,0,3
BRDA:200,35,1,2
BRDA:212,36,0,1
BRDA:212,36,1,6
BRDA:213,37,0,1
BRDA:213,37,1,5
BRDA:214,38,0,1
BRDA:214,38,1,4
BRDA:215,39,0,1
BRDA:215,39,1,3
BRDA:215,40,0,4
BRDA:215,40,1,3
BRDA:216,41,0,2
BRDA:216,41,1,1
BRF:86
BRH:82
end_of_record
TN:
SF:src/exporter.ts
FN:15,(anonymous_0)
FN:21,(anonymous_1)
FN:28,(anonymous_2)
FN:54,(anonymous_4)
FN:75,(anonymous_6)
FN:85,(anonymous_8)
FN:116,(anonymous_10)
FN:125,(anonymous_12)
FN:146,(anonymous_13)
FN:150,(anonymous_14)
FN:155,(anonymous_15)
FN:158,(anonymous_16)
FN:165,(anonymous_17)
FN:184,(anonymous_19)
FN:194,(anonymous_20)
FN:195,(anonymous_21)
FN:218,(anonymous_22)
FN:250,(anonymous_23)
FNF:18
FNH:16
FNDA:22,(anonymous_0)
FNDA:1,(anonymous_1)
FNDA:0,(anonymous_2)
FNDA:13,(anonymous_4)
FNDA:3,(anonymous_6)
FNDA:3,(anonymous_8)
FNDA:6,(anonymous_10)
FNDA:9,(anonymous_12)
FNDA:5,(anonymous_13)
FNDA:22,(anonymous_14)
FNDA:16,(anonymous_15)
FNDA:11,(anonymous_16)
FNDA:14,(anonymous_17)
FNDA:13,(anonymous_19)
FNDA:7,(anonymous_20)
FNDA:0,(anonymous_21)
FNDA:18,(anonymous_22)
FNDA:7,(anonymous_23)
DA:1,1
DA:4,1
DA:10,1
DA:16,22
DA:17,22
DA:18,22
DA:22,1
DA:29,0
DA:32,0
DA:35,0
DA:36,0
DA:37,0
DA:41,0
DA:44,0
DA:46,0
DA:57,13
DA:58,11
DA:60,2
DA:64,13
DA:68,13
DA:76,3
DA:78,3
DA:79,2
DA:82,3
DA:86,3
DA:87,3
DA:89,3
DA:91,3
DA:92,3
DA:93,2
DA:94,1
DA:96,1
DA:97,1
DA:99,1
DA:100,1
DA:101,1
DA:102,1
DA:107,1
DA:110,3
DA:117,6
DA:118,6
DA:119,6
DA:121,5
DA:122,5
DA:124,5
DA:126,9
DA:127,9
DA:132,9
DA:136,5
DA:138,5
DA:139,5
DA:140,5
DA:147,5
DA:149,5
DA:151,22
DA:152,17
DA:153,16
DA:154,16
DA:155,16
DA:158,11
DA:169,14
DA:170,14
DA:172,13
DA:173,13
DA:175,13
DA:176,13
DA:177,13
DA:178,13
DA:189,13
DA:190,13
DA:192,13
DA:193,7
DA:194,7
DA:195,0
DA:197,7
DA:199,7
DA:200,7
DA:205,7
DA:206,7
DA:207,7
DA:211,13
DA:223,18
DA:224,18
DA:226,18
DA:228,13
DA:231,5
DA:232,5
DA:234,5
DA:238,5
DA:239,5
DA:241,5
DA:242,5
DA:244,5
DA:251,7
DA:252,7
DA:253,7
DA:256,7
DA:257,7
DA:262,2
DA:265,7
DA:266,7
DA:271,7
LF:102
LH:93
BRDA:57,0,0,11
BRDA:57,0,1,2
BRDA:64,1,0,11
BRDA:64,1,1,2
BRDA:68,2,0,12
BRDA:68,2,1,1
BRDA:87,3,0,0
BRDA:87,3,1,3
BRDA:92,4,0,1
BRDA:92,4,1,2
BRDA:93,5,0,1
BRDA:93,5,1,1
BRDA:94,6,0,0
BRDA:94,6,1,1
BRDA:99,7,0,1
BRDA:99,7,1,0
BRDA:101,8,0,1
BRDA:101,8,1,0
BRDA:119,9,0,1
BRDA:119,9,1,5
BRDA:151,10,0,5
BRDA:151,10,1,17
BRDA:152,11,0,1
BRDA:152,11,1,16
BRDA:153,12,0,0
BRDA:153,12,1,16
BRDA:155,13,0,16
BRDA:155,13,1,0
BRDA:170,14,0,1
BRDA:170,14,1,13
BRDA:197,15,0,0
BRDA:197,15,1,7
BRDA:226,16,0,13
BRDA:226,16,1,5
BRDA:234,17,0,3
BRDA:234,17,1,2
BRDA:242,18,0,2
BRDA:242,18,1,3
BRDA:251,19,0,7
BRDA:251,19,1,4
BRDA:252,20,0,4
BRDA:252,20,1,3
BRDA:258,21,0,9
BRDA:258,21,1,4
BRDA:258,21,2,4
BRF:45
BRH:38
end_of_record
TN:
SF:src/team.ts
FN:9,formatAlias
FN:20,getTeamMembers
FN:64,getTeamMemberAliases
FNF:3
FNH:3
FNDA:23,formatAlias
FNDA:54,getTeamMembers
FNDA:44,getTeamMemberAliases
DA:1,3
DA:9,3
DA:10,23
DA:20,3
DA:21,54
DA:22,54
DA:24,54
DA:25,41
DA:28,13
DA:30,13
DA:31,19
DA:32,18
DA:34,16
DA:35,16
DA:36,16
DA:37,16
DA:38,16
DA:40,16
DA:41,6
DA:42,6
DA:43,6
DA:44,4
DA:46,6
DA:47,1
DA:52,16
DA:55,13
DA:64,3
DA:68,44
DA:69,44
DA:71,44
DA:73,7
DA:76,7
DA:77,4
DA:81,44
LF:34
LH:34
BRDA:24,0,0,41
BRDA:24,0,1,13
BRDA:31,1,0,1
BRDA:31,1,1,18
BRDA:32,2,0,2
BRDA:32,2,1,16
BRDA:40,3,0,6
BRDA:40,3,1,10
BRDA:42,4,0,6
BRDA:42,4,1,0
BRDA:42,5,0,0
BRDA:42,5,1,6
BRDA:42,6,0,6
BRDA:42,6,1,6
BRDA:43,7,0,4
BRDA:43,7,1,2
BRDA:46,8,0,1
BRDA:46,8,1,5
BRF:18
BRH:16
end_of_record
TN:
SF:src/teamMemberModal.ts
FN:13,(anonymous_0)
FN:24,(anonymous_1)
FN:28,(anonymous_2)
FN:32,(anonymous_3)
FNF:4
FNH:0
FNDA:0,(anonymous_0)
FNDA:0,(anonymous_1)
FNDA:0,(anonymous_2)
FNDA:0,(anonymous_3)
DA:1,0
DA:3,0
DA:9,0
DA:18,0
DA:19,0
DA:20,0
DA:21,0
DA:25,0
DA:29,0
DA:33,0
LF:10
LH:0
BRF:0
BRH:0
end_of_record
TN:
SF:src/todoIndex.ts
FN:30,(anonymous_0)
FN:43,(anonymous_1)
FN:62,(anonymous_2)
FN:78,(anonymous_3)
FN:103,(anonymous_4)
FN:113,(anonymous_5)
FN:124,(anonymous_6)
FN:127,(anonymous_7)
FN:134,(anonymous_8)
FN:136,(anonymous_9)
FN:143,(anonymous_10)
FN:156,(anonymous_11)
FN:157,(anonymous_12)
FN:178,(anonymous_13)
FN:180,(anonymous_14)
FN:184,(anonymous_15)
FN:192,(anonymous_16)
FN:201,(anonymous_17)
FN:267,(anonymous_18)
FN:294,(anonymous_19)
FN:346,(anonymous_21)
FN:353,(anonymous_23)
FN:366,(anonymous_24)
FN:375,(anonymous_25)
FN:380,(anonymous_26)
FN:388,(anonymous_27)
FN:396,(anonymous_28)
FN:405,(anonymous_29)
FN:414,(anonymous_30)
FN:432,(anonymous_31)
FN:433,(anonymous_32)
FNF:31
FNH:30
FNDA:40,(anonymous_0)
FNDA:35,(anonymous_1)
FNDA:0,(anonymous_2)
FNDA:4,(anonymous_3)
FNDA:3,(anonymous_4)
FNDA:40,(anonymous_5)
FNDA:2,(anonymous_6)
FNDA:3,(anonymous_7)
FNDA:1,(anonymous_8)
FNDA:2,(anonymous_9)
FNDA:2,(anonymous_10)
FNDA:2,(anonymous_11)
FNDA:2,(anonymous_12)
FNDA:9,(anonymous_13)
FNDA:1,(anonymous_14)
FNDA:1,(anonymous_15)
FNDA:44,(anonymous_16)
FNDA:44,(anonymous_17)
FNDA:40,(anonymous_18)
FNDA:3,(anonymous_19)
FNDA:3,(anonymous_21)
FNDA:4,(anonymous_23)
FNDA:55,(anonymous_24)
FNDA:5,(anonymous_25)
FNDA:53,(anonymous_26)
FNDA:52,(anonymous_27)
FNDA:54,(anonymous_28)
FNDA:46,(anonymous_29)
FNDA:52,(anonymous_30)
FNDA:45,(anonymous_31)
FNDA:9,(anonymous_32)
DA:3,1
DA:4,1
DA:14,1
DA:19,40
DA:22,40
DA:25,40
DA:28,40
DA:31,40
DA:32,40
DA:44,35
DA:45,35
DA:46,35
DA:48,35
DA:49,35
DA:50,44
DA:51,41
DA:55,35
DA:63,0
DA:65,0
DA:66,0
DA:67,0
DA:71,0
DA:79,4
DA:81,0
DA:82,0
DA:84,0
DA:87,4
DA:89,1
DA:90,1
DA:91,1
DA:93,1
DA:96,3
DA:97,3
DA:104,3
DA:105,2
DA:106,2
DA:114,40
DA:115,40
DA:116,41
DA:118,40
DA:125,2
DA:126,2
DA:127,3
DA:135,1
DA:136,2
DA:144,2
DA:145,2
DA:146,4
DA:147,2
DA:150,2
DA:157,2
DA:158,2
DA:159,0
DA:160,0
DA:161,0
DA:164,2
DA:165,2
DA:166,2
DA:167,4
DA:168,3
DA:169,3
DA:172,2
DA:179,9
DA:180,9
DA:185,1
DA:193,44
DA:194,7
DA:203,44
DA:206,44
DA:207,1
DA:208,1
DA:211,43
DA:212,43
DA:214,43
DA:215,0
DA:216,0
DA:220,43
DA:221,43
DA:223,0
DA:224,0
DA:227,43
DA:228,43
DA:229,43
DA:231,43
DA:233,49
DA:235,48
DA:236,48
DA:238,48
DA:239,48
DA:240,48
DA:242,48
DA:243,48
DA:244,48
DA:246,48
DA:260,43
DA:271,40
DA:273,40
DA:274,40
DA:280,0
DA:282,0
DA:283,0
DA:288,0
DA:295,3
DA:297,3
DA:298,3
DA:300,3
DA:301,3
DA:302,0
DA:303,0
DA:306,3
DA:307,3
DA:308,3
DA:309,3
DA:310,3
DA:312,3
DA:313,4
DA:315,4
DA:316,4
DA:318,4
DA:319,4
DA:320,4
DA:322,4
DA:323,4
DA:324,4
DA:326,4
DA:340,3
DA:347,3
DA:348,3
DA:349,3
DA:351,3
DA:352,3
DA:353,4
DA:356,3
DA:357,3
DA:360,3
DA:368,55
DA:371,54
DA:374,5
DA:375,5
DA:381,53
DA:389,52
DA:390,52
DA:397,54
DA:398,7
DA:399,7
DA:406,46
DA:407,46
DA:415,52
DA:416,52
DA:419,52
DA:421,52
DA:424,52
DA:425,1
DA:428,52
DA:429,42
DA:433,45
DA:435,9
DA:436,4
DA:437,4
DA:438,5
DA:439,1
DA:440,4
DA:441,0
DA:443,6
LF:164
LH:142
BRDA:50,0,0,41
BRDA:50,0,1,3
BRDA:50,1,0,44
BRDA:50,1,1,42
BRDA:79,2,0,0
BRDA:79,2,1,4
BRDA:81,3,0,0
BRDA:81,3,1,0
BRDA:87,4,0,1
BRDA:87,4,1,3
BRDA:89,5,0,1
BRDA:89,5,1,0
BRDA:104,6,0,2
BRDA:104,6,1,1
BRDA:146,7,0,2
BRDA:146,7,1,2
BRDA:146,8,0,4
BRDA:146,8,1,2
BRDA:158,9,0,2
BRDA:158,9,1,0
BRDA:158,10,0,2
BRDA:158,10,1,2
BRDA:159,11,0,0
BRDA:159,11,1,0
BRDA:160,12,0,0
BRDA:160,12,1,0
BRDA:167,13,0,3
BRDA:167,13,1,1
BRDA:203,14,0,44
BRDA:203,14,1,41
BRDA:206,15,0,1
BRDA:206,15,1,43
BRDA:206,16,0,43
BRDA:206,16,1,1
BRDA:206,17,0,44
BRDA:206,17,1,44
BRDA:206,18,0,0
BRDA:206,18,1,44
BRDA:206,19,0,44
BRDA:206,19,1,44
BRDA:212,20,0,0
BRDA:212,20,1,43
BRDA:212,21,0,43
BRDA:212,21,1,43
BRDA:214,22,0,0
BRDA:214,22,1,43
BRDA:220,23,0,3
BRDA:220,23,1,40
BRDA:220,24,0,43
BRDA:220,24,1,43
BRDA:221,25,0,0
BRDA:221,25,1,43
BRDA:229,26,0,10
BRDA:229,26,1,33
BRDA:233,27,0,1
BRDA:233,27,1,48
BRDA:236,28,0,0
BRDA:236,28,1,48
BRDA:240,29,0,0
BRDA:240,29,1,48
BRDA:273,30,0,0
BRDA:273,30,1,40
BRDA:273,31,0,40
BRDA:273,31,1,40
BRDA:274,32,0,40
BRDA:274,32,1,0
BRDA:282,33,0,0
BRDA:282,33,1,0
BRDA:282,34,0,0
BRDA:282,34,1,0
BRDA:283,35,0,0
BRDA:283,35,1,0
BRDA:295,36,0,0
BRDA:295,36,1,3
BRDA:295,37,0,3
BRDA:295,37,1,3
BRDA:298,38,0,0
BRDA:298,38,1,3
BRDA:298,39,0,3
BRDA:298,39,1,0
BRDA:298,40,0,3
BRDA:298,40,1,3
BRDA:298,41,0,0
BRDA:298,41,1,3
BRDA:298,42,0,3
BRDA:298,42,1,3
BRDA:300,43,0,0
BRDA:300,43,1,3
BRDA:300,44,0,3
BRDA:300,44,1,3
BRDA:301,45,0,0
BRDA:301,45,1,3
BRDA:301,46,0,3
BRDA:301,46,1,3
BRDA:310,47,0,0
BRDA:310,47,1,3
BRDA:313,48,0,0
BRDA:313,48,1,4
BRDA:316,49,0,0
BRDA:316,49,1,4
BRDA:320,50,0,0
BRDA:320,50,1,4
BRDA:353,51,0,4
BRDA:353,51,1,4
BRDA:368,52,0,1
BRDA:368,52,1,54
BRDA:371,53,0,49
BRDA:371,53,1,5
BRDA:375,54,0,5
BRDA:375,54,1,3
BRDA:375,55,0,5
BRDA:375,55,1,3
BRDA:390,56,0,5
BRDA:390,56,1,47
BRDA:397,57,0,47
BRDA:397,57,1,7
BRDA:399,58,0,7
BRDA:399,58,1,7
BRDA:407,59,0,10
BRDA:407,59,1,36
BRDA:421,60,0,42
BRDA:421,60,1,10
BRDA:424,61,0,1
BRDA:424,61,1,51
BRDA:424,62,0,52
BRDA:424,62,1,1
BRDA:428,63,0,10
BRDA:428,63,1,42
BRDA:435,64,0,4
BRDA:435,64,1,5
BRDA:435,65,0,9
BRDA:435,65,1,5
BRDA:437,66,0,2
BRDA:437,66,1,2
BRDA:438,67,0,1
BRDA:438,67,1,4
BRDA:440,68,0,0
BRDA:440,68,1,4
BRF:138
BRH:104
end_of_record
TN:
SF:src/types.ts
FNF:0
FNH:0
DA:67,3
DA:83,3
DA:84,3
DA:85,3
LF:4
LH:4
BRF:0
BRH:0
end_of_record
